This is pdfTeX, Version 3.14159265-2.6-1.40.18 (TeX Live 2017/Debian) (preloaded format=pdflatex 2019.5.25)  15 OCT 2019 15:19
entering extended mode
 restricted \write18 enabled.
 %&-line parsing enabled.
**main.tex
(./main.tex
LaTeX2e <2017-04-15>
Babel <3.18> and hyphenation patterns for 84 language(s) loaded.
(/usr/share/texlive/texmf-dist/tex/latex/base/book.cls
Document Class: book 2014/09/29 v1.4h Standard LaTeX document class
(/usr/share/texlive/texmf-dist/tex/latex/base/bk10.clo
File: bk10.clo 2014/09/29 v1.4h Standard LaTeX file (size option)
)
\c@part=\count79
\c@chapter=\count80
\c@section=\count81
\c@subsection=\count82
\c@subsubsection=\count83
\c@paragraph=\count84
\c@subparagraph=\count85
\c@figure=\count86
\c@table=\count87
\abovecaptionskip=\skip41
\belowcaptionskip=\skip42
\bibindent=\dimen102
)
(/usr/share/texlive/texmf-dist/tex/latex/eulervm/eulervm.sty
Package: eulervm 2005/01/11 v4.0 (WaS)
)
(/usr/share/texlive/texmf-dist/tex/latex/base/inputenc.sty
Package: inputenc 2015/03/17 v1.2c Input encoding file
\inpenc@prehook=\toks14
\inpenc@posthook=\toks15

(/usr/share/texlive/texmf-dist/tex/latex/base/utf8.def
File: utf8.def 2017/01/28 v1.1t UTF-8 support for inputenc
Now handling font encoding OML ...
... no UTF-8 mapping file for font encoding OML
Now handling font encoding T1 ...
... processing UTF-8 mapping file for font encoding T1

(/usr/share/texlive/texmf-dist/tex/latex/base/t1enc.dfu
File: t1enc.dfu 2017/01/28 v1.1t UTF-8 support for inputenc
   defining Unicode char U+00A0 (decimal 160)
   defining Unicode char U+00A1 (decimal 161)
   defining Unicode char U+00A3 (decimal 163)
   defining Unicode char U+00AB (decimal 171)
   defining Unicode char U+00AD (decimal 173)
   defining Unicode char U+00BB (decimal 187)
   defining Unicode char U+00BF (decimal 191)
   defining Unicode char U+00C0 (decimal 192)
   defining Unicode char U+00C1 (decimal 193)
   defining Unicode char U+00C2 (decimal 194)
   defining Unicode char U+00C3 (decimal 195)
   defining Unicode char U+00C4 (decimal 196)
   defining Unicode char U+00C5 (decimal 197)
   defining Unicode char U+00C6 (decimal 198)
   defining Unicode char U+00C7 (decimal 199)
   defining Unicode char U+00C8 (decimal 200)
   defining Unicode char U+00C9 (decimal 201)
   defining Unicode char U+00CA (decimal 202)
   defining Unicode char U+00CB (decimal 203)
   defining Unicode char U+00CC (decimal 204)
   defining Unicode char U+00CD (decimal 205)
   defining Unicode char U+00CE (decimal 206)
   defining Unicode char U+00CF (decimal 207)
   defining Unicode char U+00D0 (decimal 208)
   defining Unicode char U+00D1 (decimal 209)
   defining Unicode char U+00D2 (decimal 210)
   defining Unicode char U+00D3 (decimal 211)
   defining Unicode char U+00D4 (decimal 212)
   defining Unicode char U+00D5 (decimal 213)
   defining Unicode char U+00D6 (decimal 214)
   defining Unicode char U+00D8 (decimal 216)
   defining Unicode char U+00D9 (decimal 217)
   defining Unicode char U+00DA (decimal 218)
   defining Unicode char U+00DB (decimal 219)
   defining Unicode char U+00DC (decimal 220)
   defining Unicode char U+00DD (decimal 221)
   defining Unicode char U+00DE (decimal 222)
   defining Unicode char U+00DF (decimal 223)
   defining Unicode char U+00E0 (decimal 224)
   defining Unicode char U+00E1 (decimal 225)
   defining Unicode char U+00E2 (decimal 226)
   defining Unicode char U+00E3 (decimal 227)
   defining Unicode char U+00E4 (decimal 228)
   defining Unicode char U+00E5 (decimal 229)
   defining Unicode char U+00E6 (decimal 230)
   defining Unicode char U+00E7 (decimal 231)
   defining Unicode char U+00E8 (decimal 232)
   defining Unicode char U+00E9 (decimal 233)
   defining Unicode char U+00EA (decimal 234)
   defining Unicode char U+00EB (decimal 235)
   defining Unicode char U+00EC (decimal 236)
   defining Unicode char U+00ED (decimal 237)
   defining Unicode char U+00EE (decimal 238)
   defining Unicode char U+00EF (decimal 239)
   defining Unicode char U+00F0 (decimal 240)
   defining Unicode char U+00F1 (decimal 241)
   defining Unicode char U+00F2 (decimal 242)
   defining Unicode char U+00F3 (decimal 243)
   defining Unicode char U+00F4 (decimal 244)
   defining Unicode char U+00F5 (decimal 245)
   defining Unicode char U+00F6 (decimal 246)
   defining Unicode char U+00F8 (decimal 248)
   defining Unicode char U+00F9 (decimal 249)
   defining Unicode char U+00FA (decimal 250)
   defining Unicode char U+00FB (decimal 251)
   defining Unicode char U+00FC (decimal 252)
   defining Unicode char U+00FD (decimal 253)
   defining Unicode char U+00FE (decimal 254)
   defining Unicode char U+00FF (decimal 255)
   defining Unicode char U+0100 (decimal 256)
   defining Unicode char U+0101 (decimal 257)
   defining Unicode char U+0102 (decimal 258)
   defining Unicode char U+0103 (decimal 259)
   defining Unicode char U+0104 (decimal 260)
   defining Unicode char U+0105 (decimal 261)
   defining Unicode char U+0106 (decimal 262)
   defining Unicode char U+0107 (decimal 263)
   defining Unicode char U+0108 (decimal 264)
   defining Unicode char U+0109 (decimal 265)
   defining Unicode char U+010A (decimal 266)
   defining Unicode char U+010B (decimal 267)
   defining Unicode char U+010C (decimal 268)
   defining Unicode char U+010D (decimal 269)
   defining Unicode char U+010E (decimal 270)
   defining Unicode char U+010F (decimal 271)
   defining Unicode char U+0110 (decimal 272)
   defining Unicode char U+0111 (decimal 273)
   defining Unicode char U+0112 (decimal 274)
   defining Unicode char U+0113 (decimal 275)
   defining Unicode char U+0114 (decimal 276)
   defining Unicode char U+0115 (decimal 277)
   defining Unicode char U+0116 (decimal 278)
   defining Unicode char U+0117 (decimal 279)
   defining Unicode char U+0118 (decimal 280)
   defining Unicode char U+0119 (decimal 281)
   defining Unicode char U+011A (decimal 282)
   defining Unicode char U+011B (decimal 283)
   defining Unicode char U+011C (decimal 284)
   defining Unicode char U+011D (decimal 285)
   defining Unicode char U+011E (decimal 286)
   defining Unicode char U+011F (decimal 287)
   defining Unicode char U+0120 (decimal 288)
   defining Unicode char U+0121 (decimal 289)
   defining Unicode char U+0122 (decimal 290)
   defining Unicode char U+0123 (decimal 291)
   defining Unicode char U+0124 (decimal 292)
   defining Unicode char U+0125 (decimal 293)
   defining Unicode char U+0128 (decimal 296)
   defining Unicode char U+0129 (decimal 297)
   defining Unicode char U+012A (decimal 298)
   defining Unicode char U+012B (decimal 299)
   defining Unicode char U+012C (decimal 300)
   defining Unicode char U+012D (decimal 301)
   defining Unicode char U+012E (decimal 302)
   defining Unicode char U+012F (decimal 303)
   defining Unicode char U+0130 (decimal 304)
   defining Unicode char U+0131 (decimal 305)
   defining Unicode char U+0132 (decimal 306)
   defining Unicode char U+0133 (decimal 307)
   defining Unicode char U+0134 (decimal 308)
   defining Unicode char U+0135 (decimal 309)
   defining Unicode char U+0136 (decimal 310)
   defining Unicode char U+0137 (decimal 311)
   defining Unicode char U+0139 (decimal 313)
   defining Unicode char U+013A (decimal 314)
   defining Unicode char U+013B (decimal 315)
   defining Unicode char U+013C (decimal 316)
   defining Unicode char U+013D (decimal 317)
   defining Unicode char U+013E (decimal 318)
   defining Unicode char U+0141 (decimal 321)
   defining Unicode char U+0142 (decimal 322)
   defining Unicode char U+0143 (decimal 323)
   defining Unicode char U+0144 (decimal 324)
   defining Unicode char U+0145 (decimal 325)
   defining Unicode char U+0146 (decimal 326)
   defining Unicode char U+0147 (decimal 327)
   defining Unicode char U+0148 (decimal 328)
   defining Unicode char U+014A (decimal 330)
   defining Unicode char U+014B (decimal 331)
   defining Unicode char U+014C (decimal 332)
   defining Unicode char U+014D (decimal 333)
   defining Unicode char U+014E (decimal 334)
   defining Unicode char U+014F (decimal 335)
   defining Unicode char U+0150 (decimal 336)
   defining Unicode char U+0151 (decimal 337)
   defining Unicode char U+0152 (decimal 338)
   defining Unicode char U+0153 (decimal 339)
   defining Unicode char U+0154 (decimal 340)
   defining Unicode char U+0155 (decimal 341)
   defining Unicode char U+0156 (decimal 342)
   defining Unicode char U+0157 (decimal 343)
   defining Unicode char U+0158 (decimal 344)
   defining Unicode char U+0159 (decimal 345)
   defining Unicode char U+015A (decimal 346)
   defining Unicode char U+015B (decimal 347)
   defining Unicode char U+015C (decimal 348)
   defining Unicode char U+015D (decimal 349)
   defining Unicode char U+015E (decimal 350)
   defining Unicode char U+015F (decimal 351)
   defining Unicode char U+0160 (decimal 352)
   defining Unicode char U+0161 (decimal 353)
   defining Unicode char U+0162 (decimal 354)
   defining Unicode char U+0163 (decimal 355)
   defining Unicode char U+0164 (decimal 356)
   defining Unicode char U+0165 (decimal 357)
   defining Unicode char U+0168 (decimal 360)
   defining Unicode char U+0169 (decimal 361)
   defining Unicode char U+016A (decimal 362)
   defining Unicode char U+016B (decimal 363)
   defining Unicode char U+016C (decimal 364)
   defining Unicode char U+016D (decimal 365)
   defining Unicode char U+016E (decimal 366)
   defining Unicode char U+016F (decimal 367)
   defining Unicode char U+0170 (decimal 368)
   defining Unicode char U+0171 (decimal 369)
   defining Unicode char U+0172 (decimal 370)
   defining Unicode char U+0173 (decimal 371)
   defining Unicode char U+0174 (decimal 372)
   defining Unicode char U+0175 (decimal 373)
   defining Unicode char U+0176 (decimal 374)
   defining Unicode char U+0177 (decimal 375)
   defining Unicode char U+0178 (decimal 376)
   defining Unicode char U+0179 (decimal 377)
   defining Unicode char U+017A (decimal 378)
   defining Unicode char U+017B (decimal 379)
   defining Unicode char U+017C (decimal 380)
   defining Unicode char U+017D (decimal 381)
   defining Unicode char U+017E (decimal 382)
   defining Unicode char U+01CD (decimal 461)
   defining Unicode char U+01CE (decimal 462)
   defining Unicode char U+01CF (decimal 463)
   defining Unicode char U+01D0 (decimal 464)
   defining Unicode char U+01D1 (decimal 465)
   defining Unicode char U+01D2 (decimal 466)
   defining Unicode char U+01D3 (decimal 467)
   defining Unicode char U+01D4 (decimal 468)
   defining Unicode char U+01E2 (decimal 482)
   defining Unicode char U+01E3 (decimal 483)
   defining Unicode char U+01E6 (decimal 486)
   defining Unicode char U+01E7 (decimal 487)
   defining Unicode char U+01E8 (decimal 488)
   defining Unicode char U+01E9 (decimal 489)
   defining Unicode char U+01EA (decimal 490)
   defining Unicode char U+01EB (decimal 491)
   defining Unicode char U+01F0 (decimal 496)
   defining Unicode char U+01F4 (decimal 500)
   defining Unicode char U+01F5 (decimal 501)
   defining Unicode char U+0218 (decimal 536)
   defining Unicode char U+0219 (decimal 537)
   defining Unicode char U+021A (decimal 538)
   defining Unicode char U+021B (decimal 539)
   defining Unicode char U+0232 (decimal 562)
   defining Unicode char U+0233 (decimal 563)
   defining Unicode char U+1E02 (decimal 7682)
   defining Unicode char U+1E03 (decimal 7683)
   defining Unicode char U+200C (decimal 8204)
   defining Unicode char U+2010 (decimal 8208)
   defining Unicode char U+2011 (decimal 8209)
   defining Unicode char U+2012 (decimal 8210)
   defining Unicode char U+2013 (decimal 8211)
   defining Unicode char U+2014 (decimal 8212)
   defining Unicode char U+2015 (decimal 8213)
   defining Unicode char U+2018 (decimal 8216)
   defining Unicode char U+2019 (decimal 8217)
   defining Unicode char U+201A (decimal 8218)
   defining Unicode char U+201C (decimal 8220)
   defining Unicode char U+201D (decimal 8221)
   defining Unicode char U+201E (decimal 8222)
   defining Unicode char U+2030 (decimal 8240)
   defining Unicode char U+2031 (decimal 8241)
   defining Unicode char U+2039 (decimal 8249)
   defining Unicode char U+203A (decimal 8250)
   defining Unicode char U+2423 (decimal 9251)
   defining Unicode char U+1E20 (decimal 7712)
   defining Unicode char U+1E21 (decimal 7713)
)
Now handling font encoding OT1 ...
... processing UTF-8 mapping file for font encoding OT1

(/usr/share/texlive/texmf-dist/tex/latex/base/ot1enc.dfu
File: ot1enc.dfu 2017/01/28 v1.1t UTF-8 support for inputenc
   defining Unicode char U+00A0 (decimal 160)
   defining Unicode char U+00A1 (decimal 161)
   defining Unicode char U+00A3 (decimal 163)
   defining Unicode char U+00AD (decimal 173)
   defining Unicode char U+00B8 (decimal 184)
   defining Unicode char U+00BF (decimal 191)
   defining Unicode char U+00C5 (decimal 197)
   defining Unicode char U+00C6 (decimal 198)
   defining Unicode char U+00D8 (decimal 216)
   defining Unicode char U+00DF (decimal 223)
   defining Unicode char U+00E6 (decimal 230)
   defining Unicode char U+00EC (decimal 236)
   defining Unicode char U+00ED (decimal 237)
   defining Unicode char U+00EE (decimal 238)
   defining Unicode char U+00EF (decimal 239)
   defining Unicode char U+00F8 (decimal 248)
   defining Unicode char U+0131 (decimal 305)
   defining Unicode char U+0141 (decimal 321)
   defining Unicode char U+0142 (decimal 322)
   defining Unicode char U+0152 (decimal 338)
   defining Unicode char U+0153 (decimal 339)
   defining Unicode char U+0174 (decimal 372)
   defining Unicode char U+0175 (decimal 373)
   defining Unicode char U+0176 (decimal 374)
   defining Unicode char U+0177 (decimal 375)
   defining Unicode char U+0218 (decimal 536)
   defining Unicode char U+0219 (decimal 537)
   defining Unicode char U+021A (decimal 538)
   defining Unicode char U+021B (decimal 539)
   defining Unicode char U+2013 (decimal 8211)
   defining Unicode char U+2014 (decimal 8212)
   defining Unicode char U+2018 (decimal 8216)
   defining Unicode char U+2019 (decimal 8217)
   defining Unicode char U+201C (decimal 8220)
   defining Unicode char U+201D (decimal 8221)
)
Now handling font encoding OMS ...
... processing UTF-8 mapping file for font encoding OMS

(/usr/share/texlive/texmf-dist/tex/latex/base/omsenc.dfu
File: omsenc.dfu 2017/01/28 v1.1t UTF-8 support for inputenc
   defining Unicode char U+00A7 (decimal 167)
   defining Unicode char U+00B6 (decimal 182)
   defining Unicode char U+00B7 (decimal 183)
   defining Unicode char U+2020 (decimal 8224)
   defining Unicode char U+2021 (decimal 8225)
   defining Unicode char U+2022 (decimal 8226)
)
Now handling font encoding OMX ...
... no UTF-8 mapping file for font encoding OMX
Now handling font encoding U ...
... no UTF-8 mapping file for font encoding U
   defining Unicode char U+00A9 (decimal 169)
   defining Unicode char U+00AA (decimal 170)
   defining Unicode char U+00AE (decimal 174)
   defining Unicode char U+00BA (decimal 186)
   defining Unicode char U+02C6 (decimal 710)
   defining Unicode char U+02DC (decimal 732)
   defining Unicode char U+200C (decimal 8204)
   defining Unicode char U+2026 (decimal 8230)
   defining Unicode char U+2122 (decimal 8482)
   defining Unicode char U+2423 (decimal 9251)
))
(/usr/share/texlive/texmf-dist/tex/latex/xcolor/xcolor.sty
Package: xcolor 2016/05/11 v2.12 LaTeX color extensions (UK)

(/usr/share/texlive/texmf-dist/tex/latex/graphics-cfg/color.cfg
File: color.cfg 2016/01/02 v1.6 sample color configuration
)
Package xcolor Info: Driver file: pdftex.def on input line 225.

(/usr/share/texlive/texmf-dist/tex/latex/graphics-def/pdftex.def
File: pdftex.def 2018/01/08 v1.0l Graphics/color driver for pdftex
)
Package xcolor Info: Model `cmy' substituted by `cmy0' on input line 1348.
Package xcolor Info: Model `hsb' substituted by `rgb' on input line 1352.
Package xcolor Info: Model `RGB' extended on input line 1364.
Package xcolor Info: Model `HTML' substituted by `rgb' on input line 1366.
Package xcolor Info: Model `Hsb' substituted by `hsb' on input line 1367.
Package xcolor Info: Model `tHsb' substituted by `hsb' on input line 1368.
Package xcolor Info: Model `HSB' substituted by `hsb' on input line 1369.
Package xcolor Info: Model `Gray' substituted by `gray' on input line 1370.
Package xcolor Info: Model `wave' substituted by `hsb' on input line 1371.
)
(/usr/share/texlive/texmf-dist/tex/latex/colortbl/colortbl.sty
Package: colortbl 2012/02/13 v1.0a Color table columns (DPC)

(/usr/share/texlive/texmf-dist/tex/latex/tools/array.sty
Package: array 2016/10/06 v2.4d Tabular extension package (FMi)
\col@sep=\dimen103
\extrarowheight=\dimen104
\NC@list=\toks16
\extratabsurround=\skip43
\backup@length=\skip44
)
\everycr=\toks17
\minrowclearance=\skip45
)
(/usr/share/texlive/texmf-dist/tex/latex/makecell/makecell.sty
Package: makecell 2009/08/03 V0.1e Managing of Tab Column Heads and Cells
\rotheadsize=\dimen105
\c@nlinenum=\count88
\TeXr@lab=\toks18
)
(/usr/share/texlive/texmf-dist/tex/latex/booktabs/booktabs.sty
Package: booktabs 2016/04/27 v1.618033 publication quality tables
\heavyrulewidth=\dimen106
\lightrulewidth=\dimen107
\cmidrulewidth=\dimen108
\belowrulesep=\dimen109
\belowbottomsep=\dimen110
\aboverulesep=\dimen111
\abovetopsep=\dimen112
\cmidrulesep=\dimen113
\cmidrulekern=\dimen114
\defaultaddspace=\dimen115
\@cmidla=\count89
\@cmidlb=\count90
\@aboverulesep=\dimen116
\@belowrulesep=\dimen117
\@thisruleclass=\count91
\@lastruleclass=\count92
\@thisrulewidth=\dimen118
)
(/usr/share/texlive/texmf-dist/tex/latex/amscls/amsthm.sty
Package: amsthm 2017/10/31 v2.20.4
\thm@style=\toks19
\thm@bodyfont=\toks20
\thm@headfont=\toks21
\thm@notefont=\toks22
\thm@headpunct=\toks23
\thm@preskip=\skip46
\thm@postskip=\skip47
\thm@headsep=\skip48
\dth@everypar=\toks24
)
(/usr/share/texlive/texmf-dist/tex/latex/amsfonts/amsfonts.sty
Package: amsfonts 2013/01/14 v3.01 Basic AMSFonts support
\@emptytoks=\toks25
\symAMSa=\mathgroup4
\symAMSb=\mathgroup5
LaTeX Font Info:    Overwriting math alphabet `\mathfrak' in version `bold'
(Font)                  U/euf/m/n --> U/euf/b/n on input line 106.
)
(/usr/share/texlive/texmf-dist/tex/latex/amsmath/amsmath.sty
Package: amsmath 2017/09/02 v2.17a AMS math features
\@mathmargin=\skip49

For additional information on amsmath, use the `?' option.
(/usr/share/texlive/texmf-dist/tex/latex/amsmath/amstext.sty
Package: amstext 2000/06/29 v2.01 AMS text

(/usr/share/texlive/texmf-dist/tex/latex/amsmath/amsgen.sty
File: amsgen.sty 1999/11/30 v2.0 generic functions
\@emptytoks=\toks26
\ex@=\dimen119
))
(/usr/share/texlive/texmf-dist/tex/latex/amsmath/amsbsy.sty
Package: amsbsy 1999/11/29 v1.2d Bold Symbols
\pmbraise@=\dimen120
)
(/usr/share/texlive/texmf-dist/tex/latex/amsmath/amsopn.sty
Package: amsopn 2016/03/08 v2.02 operator names
)
\inf@bad=\count93
LaTeX Info: Redefining \frac on input line 213.
\uproot@=\count94
\leftroot@=\count95
LaTeX Info: Redefining \overline on input line 375.
\classnum@=\count96
\DOTSCASE@=\count97
LaTeX Info: Redefining \ldots on input line 472.
LaTeX Info: Redefining \dots on input line 475.
LaTeX Info: Redefining \cdots on input line 596.
\Mathstrutbox@=\box26
\strutbox@=\box27
\big@size=\dimen121
LaTeX Font Info:    Redeclaring font encoding OML on input line 712.
LaTeX Font Info:    Redeclaring font encoding OMS on input line 713.
\macc@depth=\count98
\c@MaxMatrixCols=\count99
\dotsspace@=\muskip10
\c@parentequation=\count100
\dspbrk@lvl=\count101
\tag@help=\toks27
\row@=\count102
\column@=\count103
\maxfields@=\count104
\andhelp@=\toks28
\eqnshift@=\dimen122
\alignsep@=\dimen123
\tagshift@=\dimen124
\tagwidth@=\dimen125
\totwidth@=\dimen126
\lineht@=\dimen127
\@envbody=\toks29
\multlinegap=\skip50
\multlinetaggap=\skip51
\mathdisplay@stack=\toks30
LaTeX Info: Redefining \[ on input line 2817.
LaTeX Info: Redefining \] on input line 2818.
)
(/usr/share/texlive/texmf-dist/tex/latex/pgf/frontendlayer/tikz.sty
(/usr/share/texlive/texmf-dist/tex/latex/pgf/basiclayer/pgf.sty
(/usr/share/texlive/texmf-dist/tex/latex/pgf/utilities/pgfrcs.sty
(/usr/share/texlive/texmf-dist/tex/generic/pgf/utilities/pgfutil-common.tex
\pgfutil@everybye=\toks31
\pgfutil@tempdima=\dimen128
\pgfutil@tempdimb=\dimen129

(/usr/share/texlive/texmf-dist/tex/generic/pgf/utilities/pgfutil-common-lists.t
ex)) (/usr/share/texlive/texmf-dist/tex/generic/pgf/utilities/pgfutil-latex.def
\pgfutil@abb=\box28
(/usr/share/texlive/texmf-dist/tex/latex/ms/everyshi.sty
Package: everyshi 2001/05/15 v3.00 EveryShipout Package (MS)
))
(/usr/share/texlive/texmf-dist/tex/generic/pgf/utilities/pgfrcs.code.tex
Package: pgfrcs 2015/08/07 v3.0.1a (rcs-revision 1.31)
))
Package: pgf 2015/08/07 v3.0.1a (rcs-revision 1.15)

(/usr/share/texlive/texmf-dist/tex/latex/pgf/basiclayer/pgfcore.sty
(/usr/share/texlive/texmf-dist/tex/latex/graphics/graphicx.sty
Package: graphicx 2017/06/01 v1.1a Enhanced LaTeX Graphics (DPC,SPQR)

(/usr/share/texlive/texmf-dist/tex/latex/graphics/keyval.sty
Package: keyval 2014/10/28 v1.15 key=value parser (DPC)
\KV@toks@=\toks32
)
(/usr/share/texlive/texmf-dist/tex/latex/graphics/graphics.sty
Package: graphics 2017/06/25 v1.2c Standard LaTeX Graphics (DPC,SPQR)

(/usr/share/texlive/texmf-dist/tex/latex/graphics/trig.sty
Package: trig 2016/01/03 v1.10 sin cos tan (DPC)
)
(/usr/share/texlive/texmf-dist/tex/latex/graphics-cfg/graphics.cfg
File: graphics.cfg 2016/06/04 v1.11 sample graphics configuration
)
Package graphics Info: Driver file: pdftex.def on input line 99.
)
\Gin@req@height=\dimen130
\Gin@req@width=\dimen131
)
(/usr/share/texlive/texmf-dist/tex/latex/pgf/systemlayer/pgfsys.sty
(/usr/share/texlive/texmf-dist/tex/generic/pgf/systemlayer/pgfsys.code.tex
Package: pgfsys 2014/07/09 v3.0.1a (rcs-revision 1.48)

(/usr/share/texlive/texmf-dist/tex/generic/pgf/utilities/pgfkeys.code.tex
\pgfkeys@pathtoks=\toks33
\pgfkeys@temptoks=\toks34

(/usr/share/texlive/texmf-dist/tex/generic/pgf/utilities/pgfkeysfiltered.code.t
ex
\pgfkeys@tmptoks=\toks35
))
\pgf@x=\dimen132
\pgf@y=\dimen133
\pgf@xa=\dimen134
\pgf@ya=\dimen135
\pgf@xb=\dimen136
\pgf@yb=\dimen137
\pgf@xc=\dimen138
\pgf@yc=\dimen139
\w@pgf@writea=\write3
\r@pgf@reada=\read1
\c@pgf@counta=\count105
\c@pgf@countb=\count106
\c@pgf@countc=\count107
\c@pgf@countd=\count108
\t@pgf@toka=\toks36
\t@pgf@tokb=\toks37
\t@pgf@tokc=\toks38
 (/usr/share/texlive/texmf-dist/tex/generic/pgf/systemlayer/pgf.cfg
File: pgf.cfg 2008/05/14  (rcs-revision 1.7)
)
Driver file for pgf: pgfsys-pdftex.def

(/usr/share/texlive/texmf-dist/tex/generic/pgf/systemlayer/pgfsys-pdftex.def
File: pgfsys-pdftex.def 2014/10/11  (rcs-revision 1.35)

(/usr/share/texlive/texmf-dist/tex/generic/pgf/systemlayer/pgfsys-common-pdf.de
f
File: pgfsys-common-pdf.def 2013/10/10  (rcs-revision 1.13)
)))
(/usr/share/texlive/texmf-dist/tex/generic/pgf/systemlayer/pgfsyssoftpath.code.
tex
File: pgfsyssoftpath.code.tex 2013/09/09  (rcs-revision 1.9)
\pgfsyssoftpath@smallbuffer@items=\count109
\pgfsyssoftpath@bigbuffer@items=\count110
)
(/usr/share/texlive/texmf-dist/tex/generic/pgf/systemlayer/pgfsysprotocol.code.
tex
File: pgfsysprotocol.code.tex 2006/10/16  (rcs-revision 1.4)
))
(/usr/share/texlive/texmf-dist/tex/generic/pgf/basiclayer/pgfcore.code.tex
Package: pgfcore 2010/04/11 v3.0.1a (rcs-revision 1.7)

(/usr/share/texlive/texmf-dist/tex/generic/pgf/math/pgfmath.code.tex
(/usr/share/texlive/texmf-dist/tex/generic/pgf/math/pgfmathcalc.code.tex
(/usr/share/texlive/texmf-dist/tex/generic/pgf/math/pgfmathutil.code.tex)
(/usr/share/texlive/texmf-dist/tex/generic/pgf/math/pgfmathparser.code.tex
\pgfmath@dimen=\dimen140
\pgfmath@count=\count111
\pgfmath@box=\box29
\pgfmath@toks=\toks39
\pgfmath@stack@operand=\toks40
\pgfmath@stack@operation=\toks41
)
(/usr/share/texlive/texmf-dist/tex/generic/pgf/math/pgfmathfunctions.code.tex
(/usr/share/texlive/texmf-dist/tex/generic/pgf/math/pgfmathfunctions.basic.code
.tex)
(/usr/share/texlive/texmf-dist/tex/generic/pgf/math/pgfmathfunctions.trigonomet
ric.code.tex)
(/usr/share/texlive/texmf-dist/tex/generic/pgf/math/pgfmathfunctions.random.cod
e.tex)
(/usr/share/texlive/texmf-dist/tex/generic/pgf/math/pgfmathfunctions.comparison
.code.tex)
(/usr/share/texlive/texmf-dist/tex/generic/pgf/math/pgfmathfunctions.base.code.
tex)
(/usr/share/texlive/texmf-dist/tex/generic/pgf/math/pgfmathfunctions.round.code
.tex)
(/usr/share/texlive/texmf-dist/tex/generic/pgf/math/pgfmathfunctions.misc.code.
tex)
(/usr/share/texlive/texmf-dist/tex/generic/pgf/math/pgfmathfunctions.integerari
thmetics.code.tex)))
(/usr/share/texlive/texmf-dist/tex/generic/pgf/math/pgfmathfloat.code.tex
\c@pgfmathroundto@lastzeros=\count112
))
(/usr/share/texlive/texmf-dist/tex/generic/pgf/basiclayer/pgfcorepoints.code.te
x
File: pgfcorepoints.code.tex 2013/10/07  (rcs-revision 1.27)
\pgf@picminx=\dimen141
\pgf@picmaxx=\dimen142
\pgf@picminy=\dimen143
\pgf@picmaxy=\dimen144
\pgf@pathminx=\dimen145
\pgf@pathmaxx=\dimen146
\pgf@pathminy=\dimen147
\pgf@pathmaxy=\dimen148
\pgf@xx=\dimen149
\pgf@xy=\dimen150
\pgf@yx=\dimen151
\pgf@yy=\dimen152
\pgf@zx=\dimen153
\pgf@zy=\dimen154
)
(/usr/share/texlive/texmf-dist/tex/generic/pgf/basiclayer/pgfcorepathconstruct.
code.tex
File: pgfcorepathconstruct.code.tex 2013/10/07  (rcs-revision 1.29)
\pgf@path@lastx=\dimen155
\pgf@path@lasty=\dimen156
)
(/usr/share/texlive/texmf-dist/tex/generic/pgf/basiclayer/pgfcorepathusage.code
.tex
File: pgfcorepathusage.code.tex 2014/11/02  (rcs-revision 1.24)
\pgf@shorten@end@additional=\dimen157
\pgf@shorten@start@additional=\dimen158
)
(/usr/share/texlive/texmf-dist/tex/generic/pgf/basiclayer/pgfcorescopes.code.te
x
File: pgfcorescopes.code.tex 2015/05/08  (rcs-revision 1.46)
\pgfpic=\box30
\pgf@hbox=\box31
\pgf@layerbox@main=\box32
\pgf@picture@serial@count=\count113
)
(/usr/share/texlive/texmf-dist/tex/generic/pgf/basiclayer/pgfcoregraphicstate.c
ode.tex
File: pgfcoregraphicstate.code.tex 2014/11/02  (rcs-revision 1.12)
\pgflinewidth=\dimen159
)
(/usr/share/texlive/texmf-dist/tex/generic/pgf/basiclayer/pgfcoretransformation
s.code.tex
File: pgfcoretransformations.code.tex 2015/08/07  (rcs-revision 1.20)
\pgf@pt@x=\dimen160
\pgf@pt@y=\dimen161
\pgf@pt@temp=\dimen162
)
(/usr/share/texlive/texmf-dist/tex/generic/pgf/basiclayer/pgfcorequick.code.tex
File: pgfcorequick.code.tex 2008/10/09  (rcs-revision 1.3)
)
(/usr/share/texlive/texmf-dist/tex/generic/pgf/basiclayer/pgfcoreobjects.code.t
ex
File: pgfcoreobjects.code.tex 2006/10/11  (rcs-revision 1.2)
)
(/usr/share/texlive/texmf-dist/tex/generic/pgf/basiclayer/pgfcorepathprocessing
.code.tex
File: pgfcorepathprocessing.code.tex 2013/09/09  (rcs-revision 1.9)
)
(/usr/share/texlive/texmf-dist/tex/generic/pgf/basiclayer/pgfcorearrows.code.te
x
File: pgfcorearrows.code.tex 2015/05/14  (rcs-revision 1.43)
\pgfarrowsep=\dimen163
)
(/usr/share/texlive/texmf-dist/tex/generic/pgf/basiclayer/pgfcoreshade.code.tex
File: pgfcoreshade.code.tex 2013/07/15  (rcs-revision 1.15)
\pgf@max=\dimen164
\pgf@sys@shading@range@num=\count114
)
(/usr/share/texlive/texmf-dist/tex/generic/pgf/basiclayer/pgfcoreimage.code.tex
File: pgfcoreimage.code.tex 2013/07/15  (rcs-revision 1.18)

(/usr/share/texlive/texmf-dist/tex/generic/pgf/basiclayer/pgfcoreexternal.code.
tex
File: pgfcoreexternal.code.tex 2014/07/09  (rcs-revision 1.21)
\pgfexternal@startupbox=\box33
))
(/usr/share/texlive/texmf-dist/tex/generic/pgf/basiclayer/pgfcorelayers.code.te
x
File: pgfcorelayers.code.tex 2013/07/18  (rcs-revision 1.7)
)
(/usr/share/texlive/texmf-dist/tex/generic/pgf/basiclayer/pgfcoretransparency.c
ode.tex
File: pgfcoretransparency.code.tex 2013/09/30  (rcs-revision 1.5)
)
(/usr/share/texlive/texmf-dist/tex/generic/pgf/basiclayer/pgfcorepatterns.code.
tex
File: pgfcorepatterns.code.tex 2013/11/07  (rcs-revision 1.5)
)))
(/usr/share/texlive/texmf-dist/tex/generic/pgf/modules/pgfmoduleshapes.code.tex
File: pgfmoduleshapes.code.tex 2014/03/21  (rcs-revision 1.35)
\pgfnodeparttextbox=\box34
) (/usr/share/texlive/texmf-dist/tex/generic/pgf/modules/pgfmoduleplot.code.tex
File: pgfmoduleplot.code.tex 2015/08/03  (rcs-revision 1.13)
)
(/usr/share/texlive/texmf-dist/tex/latex/pgf/compatibility/pgfcomp-version-0-65
.sty
Package: pgfcomp-version-0-65 2007/07/03 v3.0.1a (rcs-revision 1.7)
\pgf@nodesepstart=\dimen165
\pgf@nodesepend=\dimen166
)
(/usr/share/texlive/texmf-dist/tex/latex/pgf/compatibility/pgfcomp-version-1-18
.sty
Package: pgfcomp-version-1-18 2007/07/23 v3.0.1a (rcs-revision 1.1)
)) (/usr/share/texlive/texmf-dist/tex/latex/pgf/utilities/pgffor.sty
(/usr/share/texlive/texmf-dist/tex/latex/pgf/utilities/pgfkeys.sty
(/usr/share/texlive/texmf-dist/tex/generic/pgf/utilities/pgfkeys.code.tex))
(/usr/share/texlive/texmf-dist/tex/latex/pgf/math/pgfmath.sty
(/usr/share/texlive/texmf-dist/tex/generic/pgf/math/pgfmath.code.tex))
(/usr/share/texlive/texmf-dist/tex/generic/pgf/utilities/pgffor.code.tex
Package: pgffor 2013/12/13 v3.0.1a (rcs-revision 1.25)

(/usr/share/texlive/texmf-dist/tex/generic/pgf/math/pgfmath.code.tex)
\pgffor@iter=\dimen167
\pgffor@skip=\dimen168
\pgffor@stack=\toks42
\pgffor@toks=\toks43
))
(/usr/share/texlive/texmf-dist/tex/generic/pgf/frontendlayer/tikz/tikz.code.tex
Package: tikz 2015/08/07 v3.0.1a (rcs-revision 1.151)

(/usr/share/texlive/texmf-dist/tex/generic/pgf/libraries/pgflibraryplothandlers
.code.tex
File: pgflibraryplothandlers.code.tex 2013/08/31 v3.0.1a (rcs-revision 1.20)
\pgf@plot@mark@count=\count115
\pgfplotmarksize=\dimen169
)
\tikz@lastx=\dimen170
\tikz@lasty=\dimen171
\tikz@lastxsaved=\dimen172
\tikz@lastysaved=\dimen173
\tikzleveldistance=\dimen174
\tikzsiblingdistance=\dimen175
\tikz@figbox=\box35
\tikz@figbox@bg=\box36
\tikz@tempbox=\box37
\tikz@tempbox@bg=\box38
\tikztreelevel=\count116
\tikznumberofchildren=\count117
\tikznumberofcurrentchild=\count118
\tikz@fig@count=\count119

(/usr/share/texlive/texmf-dist/tex/generic/pgf/modules/pgfmodulematrix.code.tex
File: pgfmodulematrix.code.tex 2013/09/17  (rcs-revision 1.8)
\pgfmatrixcurrentrow=\count120
\pgfmatrixcurrentcolumn=\count121
\pgf@matrix@numberofcolumns=\count122
)
\tikz@expandcount=\count123

(/usr/share/texlive/texmf-dist/tex/generic/pgf/frontendlayer/tikz/libraries/tik
zlibrarytopaths.code.tex
File: tikzlibrarytopaths.code.tex 2008/06/17 v3.0.1a (rcs-revision 1.2)
)))
(/usr/share/texlive/texmf-dist/tex/latex/amsfonts/amssymb.sty
Package: amssymb 2013/01/14 v3.01 AMS font symbols
)
(/usr/share/texlive/texmf-dist/tex/latex/algorithms/algorithm.sty
Package: algorithm 2009/08/24 v0.1 Document Style `algorithm' - floating enviro
nment

(/usr/share/texlive/texmf-dist/tex/latex/float/float.sty
Package: float 2001/11/08 v1.3d Float enhancements (AL)
\c@float@type=\count124
\float@exts=\toks44
\float@box=\box39
\@float@everytoks=\toks45
\@floatcapt=\box40
)
(/usr/share/texlive/texmf-dist/tex/latex/base/ifthen.sty
Package: ifthen 2014/09/29 v1.1c Standard LaTeX ifthen package (DPC)
)
\@float@every@algorithm=\toks46
\c@algorithm=\count125
)
(/usr/share/texlive/texmf-dist/tex/latex/algorithms/algorithmic.sty
Package: algorithmic 2009/08/24 v0.1 Document Style `algorithmic'
\c@ALC@unique=\count126
\c@ALC@line=\count127
\c@ALC@rem=\count128
\c@ALC@depth=\count129
\ALC@tlm=\skip52
\algorithmicindent=\skip53
)
(/usr/share/texlive/texmf-dist/tex/latex/tools/enumerate.sty
Package: enumerate 2015/07/23 v3.00 enumerate extensions (DPC)
\@enLab=\toks47
)
(/usr/share/texlive/texmf-dist/tex/latex/varwidth/varwidth.sty
Package: varwidth 2009/03/30 ver 0.92;  Variable-width minipages
\@vwid@box=\box41
\sift@deathcycles=\count130
\@vwid@loff=\dimen176
\@vwid@roff=\dimen177
)
(/usr/share/texlive/texmf-dist/tex/latex/url/url.sty
\Urlmuskip=\muskip11
Package: url 2013/09/16  ver 3.4  Verb mode for urls, etc.
)
(/usr/share/texlive/texmf-dist/tex/latex/cite/cite.sty
LaTeX Info: Redefining \cite on input line 302.
LaTeX Info: Redefining \nocite on input line 332.
Package: cite 2015/02/27  v 5.5
)
(/usr/share/texlive/texmf-dist/tex/latex/base/textcomp.sty
Package: textcomp 2017/04/05 v2.0i Standard LaTeX package
Package textcomp Info: Sub-encoding information:
(textcomp)               5 = only ISO-Adobe without \textcurrency
(textcomp)               4 = 5 + \texteuro
(textcomp)               3 = 4 + \textohm
(textcomp)               2 = 3 + \textestimated + \textcurrency
(textcomp)               1 = TS1 - \textcircled - \t
(textcomp)               0 = TS1 (full)
(textcomp)             Font families with sub-encoding setting implement
(textcomp)             only a restricted character set as indicated.
(textcomp)             Family '?' is the default used for unknown fonts.
(textcomp)             See the documentation for details.
Package textcomp Info: Setting ? sub-encoding to TS1/1 on input line 79.

(/usr/share/texlive/texmf-dist/tex/latex/base/ts1enc.def
File: ts1enc.def 2001/06/05 v3.0e (jk/car/fm) Standard LaTeX file
Now handling font encoding TS1 ...
... processing UTF-8 mapping file for font encoding TS1

(/usr/share/texlive/texmf-dist/tex/latex/base/ts1enc.dfu
File: ts1enc.dfu 2017/01/28 v1.1t UTF-8 support for inputenc
   defining Unicode char U+00A2 (decimal 162)
   defining Unicode char U+00A3 (decimal 163)
   defining Unicode char U+00A4 (decimal 164)
   defining Unicode char U+00A5 (decimal 165)
   defining Unicode char U+00A6 (decimal 166)
   defining Unicode char U+00A7 (decimal 167)
   defining Unicode char U+00A8 (decimal 168)
   defining Unicode char U+00A9 (decimal 169)
   defining Unicode char U+00AA (decimal 170)
   defining Unicode char U+00AC (decimal 172)
   defining Unicode char U+00AE (decimal 174)
   defining Unicode char U+00AF (decimal 175)
   defining Unicode char U+00B0 (decimal 176)
   defining Unicode char U+00B1 (decimal 177)
   defining Unicode char U+00B2 (decimal 178)
   defining Unicode char U+00B3 (decimal 179)
   defining Unicode char U+00B4 (decimal 180)
   defining Unicode char U+00B5 (decimal 181)
   defining Unicode char U+00B6 (decimal 182)
   defining Unicode char U+00B7 (decimal 183)
   defining Unicode char U+00B9 (decimal 185)
   defining Unicode char U+00BA (decimal 186)
   defining Unicode char U+00BC (decimal 188)
   defining Unicode char U+00BD (decimal 189)
   defining Unicode char U+00BE (decimal 190)
   defining Unicode char U+00D7 (decimal 215)
   defining Unicode char U+00F7 (decimal 247)
   defining Unicode char U+0192 (decimal 402)
   defining Unicode char U+02C7 (decimal 711)
   defining Unicode char U+02D8 (decimal 728)
   defining Unicode char U+02DD (decimal 733)
   defining Unicode char U+0E3F (decimal 3647)
   defining Unicode char U+2016 (decimal 8214)
   defining Unicode char U+2020 (decimal 8224)
   defining Unicode char U+2021 (decimal 8225)
   defining Unicode char U+2022 (decimal 8226)
   defining Unicode char U+2030 (decimal 8240)
   defining Unicode char U+2031 (decimal 8241)
   defining Unicode char U+203B (decimal 8251)
   defining Unicode char U+203D (decimal 8253)
   defining Unicode char U+2044 (decimal 8260)
   defining Unicode char U+204E (decimal 8270)
   defining Unicode char U+2052 (decimal 8274)
   defining Unicode char U+20A1 (decimal 8353)
   defining Unicode char U+20A4 (decimal 8356)
   defining Unicode char U+20A6 (decimal 8358)
   defining Unicode char U+20A9 (decimal 8361)
   defining Unicode char U+20AB (decimal 8363)
   defining Unicode char U+20AC (decimal 8364)
   defining Unicode char U+20B1 (decimal 8369)
   defining Unicode char U+2103 (decimal 8451)
   defining Unicode char U+2116 (decimal 8470)
   defining Unicode char U+2117 (decimal 8471)
   defining Unicode char U+211E (decimal 8478)
   defining Unicode char U+2120 (decimal 8480)
   defining Unicode char U+2122 (decimal 8482)
   defining Unicode char U+2126 (decimal 8486)
   defining Unicode char U+2127 (decimal 8487)
   defining Unicode char U+212E (decimal 8494)
   defining Unicode char U+2190 (decimal 8592)
   defining Unicode char U+2191 (decimal 8593)
   defining Unicode char U+2192 (decimal 8594)
   defining Unicode char U+2193 (decimal 8595)
   defining Unicode char U+2329 (decimal 9001)
   defining Unicode char U+232A (decimal 9002)
   defining Unicode char U+2422 (decimal 9250)
   defining Unicode char U+25E6 (decimal 9702)
   defining Unicode char U+25EF (decimal 9711)
   defining Unicode char U+266A (decimal 9834)
))
LaTeX Info: Redefining \oldstylenums on input line 334.
Package textcomp Info: Setting cmr sub-encoding to TS1/0 on input line 349.
Package textcomp Info: Setting cmss sub-encoding to TS1/0 on input line 350.
Package textcomp Info: Setting cmtt sub-encoding to TS1/0 on input line 351.
Package textcomp Info: Setting cmvtt sub-encoding to TS1/0 on input line 352.
Package textcomp Info: Setting cmbr sub-encoding to TS1/0 on input line 353.
Package textcomp Info: Setting cmtl sub-encoding to TS1/0 on input line 354.
Package textcomp Info: Setting ccr sub-encoding to TS1/0 on input line 355.
Package textcomp Info: Setting ptm sub-encoding to TS1/4 on input line 356.
Package textcomp Info: Setting pcr sub-encoding to TS1/4 on input line 357.
Package textcomp Info: Setting phv sub-encoding to TS1/4 on input line 358.
Package textcomp Info: Setting ppl sub-encoding to TS1/3 on input line 359.
Package textcomp Info: Setting pag sub-encoding to TS1/4 on input line 360.
Package textcomp Info: Setting pbk sub-encoding to TS1/4 on input line 361.
Package textcomp Info: Setting pnc sub-encoding to TS1/4 on input line 362.
Package textcomp Info: Setting pzc sub-encoding to TS1/4 on input line 363.
Package textcomp Info: Setting bch sub-encoding to TS1/4 on input line 364.
Package textcomp Info: Setting put sub-encoding to TS1/5 on input line 365.
Package textcomp Info: Setting uag sub-encoding to TS1/5 on input line 366.
Package textcomp Info: Setting ugq sub-encoding to TS1/5 on input line 367.
Package textcomp Info: Setting ul8 sub-encoding to TS1/4 on input line 368.
Package textcomp Info: Setting ul9 sub-encoding to TS1/4 on input line 369.
Package textcomp Info: Setting augie sub-encoding to TS1/5 on input line 370.
Package textcomp Info: Setting dayrom sub-encoding to TS1/3 on input line 371.
Package textcomp Info: Setting dayroms sub-encoding to TS1/3 on input line 372.

Package textcomp Info: Setting pxr sub-encoding to TS1/0 on input line 373.
Package textcomp Info: Setting pxss sub-encoding to TS1/0 on input line 374.
Package textcomp Info: Setting pxtt sub-encoding to TS1/0 on input line 375.
Package textcomp Info: Setting txr sub-encoding to TS1/0 on input line 376.
Package textcomp Info: Setting txss sub-encoding to TS1/0 on input line 377.
Package textcomp Info: Setting txtt sub-encoding to TS1/0 on input line 378.
Package textcomp Info: Setting lmr sub-encoding to TS1/0 on input line 379.
Package textcomp Info: Setting lmdh sub-encoding to TS1/0 on input line 380.
Package textcomp Info: Setting lmss sub-encoding to TS1/0 on input line 381.
Package textcomp Info: Setting lmssq sub-encoding to TS1/0 on input line 382.
Package textcomp Info: Setting lmvtt sub-encoding to TS1/0 on input line 383.
Package textcomp Info: Setting lmtt sub-encoding to TS1/0 on input line 384.
Package textcomp Info: Setting qhv sub-encoding to TS1/0 on input line 385.
Package textcomp Info: Setting qag sub-encoding to TS1/0 on input line 386.
Package textcomp Info: Setting qbk sub-encoding to TS1/0 on input line 387.
Package textcomp Info: Setting qcr sub-encoding to TS1/0 on input line 388.
Package textcomp Info: Setting qcs sub-encoding to TS1/0 on input line 389.
Package textcomp Info: Setting qpl sub-encoding to TS1/0 on input line 390.
Package textcomp Info: Setting qtm sub-encoding to TS1/0 on input line 391.
Package textcomp Info: Setting qzc sub-encoding to TS1/0 on input line 392.
Package textcomp Info: Setting qhvc sub-encoding to TS1/0 on input line 393.
Package textcomp Info: Setting futs sub-encoding to TS1/4 on input line 394.
Package textcomp Info: Setting futx sub-encoding to TS1/4 on input line 395.
Package textcomp Info: Setting futj sub-encoding to TS1/4 on input line 396.
Package textcomp Info: Setting hlh sub-encoding to TS1/3 on input line 397.
Package textcomp Info: Setting hls sub-encoding to TS1/3 on input line 398.
Package textcomp Info: Setting hlst sub-encoding to TS1/3 on input line 399.
Package textcomp Info: Setting hlct sub-encoding to TS1/5 on input line 400.
Package textcomp Info: Setting hlx sub-encoding to TS1/5 on input line 401.
Package textcomp Info: Setting hlce sub-encoding to TS1/5 on input line 402.
Package textcomp Info: Setting hlcn sub-encoding to TS1/5 on input line 403.
Package textcomp Info: Setting hlcw sub-encoding to TS1/5 on input line 404.
Package textcomp Info: Setting hlcf sub-encoding to TS1/5 on input line 405.
Package textcomp Info: Setting pplx sub-encoding to TS1/3 on input line 406.
Package textcomp Info: Setting pplj sub-encoding to TS1/3 on input line 407.
Package textcomp Info: Setting ptmx sub-encoding to TS1/4 on input line 408.
Package textcomp Info: Setting ptmj sub-encoding to TS1/4 on input line 409.
)
(/usr/share/texlive/texmf-dist/tex/generic/xstring/xstring.sty
(/usr/share/texlive/texmf-dist/tex/generic/xstring/xstring.tex
\@xs@message=\write4
\integerpart=\count131
\decimalpart=\count132
)
Package: xstring 2013/10/13  v1.7c  String manipulations (C Tellechea)
)
(/usr/share/texlive/texmf-dist/tex/latex/tabstackengine/tabstackengine.sty
Package: tabstackengine 2016/11/30 (V2.01) tabbed stacking

(/usr/share/texlive/texmf-dist/tex/latex/stackengine/stackengine.sty
Package: stackengine 2017/02/13 v4.01\ Stacking text and objects in convenient 
ways

(/usr/share/texlive/texmf-dist/tex/latex/etoolbox/etoolbox.sty
Package: etoolbox 2018/02/11 v2.5e e-TeX tools for LaTeX (JAW)
\etb@tempcnta=\count133
)
(/usr/share/texlive/texmf-dist/tex/generic/listofitems/listofitems.sty
(/usr/share/texlive/texmf-dist/tex/generic/listofitems/listofitems.tex
\loi_nestcnt=\count134
)
Package: listofitems 2018/01/13 v1.52 Grab items in lists using user-specified 
sep char (CT)
)
(/usr/share/texlive/texmf-dist/tex/latex/tools/calc.sty
Package: calc 2014/10/28 v4.3 Infix arithmetic (KKT,FJ)
\calc@Acount=\count135
\calc@Bcount=\count136
\calc@Adimen=\dimen178
\calc@Bdimen=\dimen179
\calc@Askip=\skip54
\calc@Bskip=\skip55
LaTeX Info: Redefining \setlength on input line 80.
LaTeX Info: Redefining \addtolength on input line 81.
\calc@Ccount=\count137
\calc@Cskip=\skip56
)
\c@@stackindex=\count138
\@boxshift=\skip57
\stack@tmplength=\skip58
\temp@stkl=\skip59
\@stackedboxwidth=\skip60
\@addedbox=\box42
\@anchorbox=\box43
\stackedbox=\box44
\@centerbox=\box45
\c@ROWcellindex@=\count139
)
\c@TABrowindex@=\count140
\c@TABcolindex@=\count141
\c@TABalignmentindex@=\count142
\TABcelltoks=\toks48
\TABcoltoks=\toks49
\LstrutTABtoks=\toks50
\RstrutTABtoks=\toks51
)
(/usr/share/texlive/texmf-dist/tex/latex/oberdiek/grffile.sty
Package: grffile 2017/06/30 v1.18 Extended file name support for graphics (HO)

(/usr/share/texlive/texmf-dist/tex/generic/oberdiek/ifpdf.sty
Package: ifpdf 2017/03/15 v3.2 Provides the ifpdf switch
)
(/usr/share/texlive/texmf-dist/tex/generic/ifxetex/ifxetex.sty
Package: ifxetex 2010/09/12 v0.6 Provides ifxetex conditional
)
(/usr/share/texlive/texmf-dist/tex/latex/oberdiek/kvoptions.sty
Package: kvoptions 2016/05/16 v3.12 Key value format for package options (HO)

(/usr/share/texlive/texmf-dist/tex/generic/oberdiek/ltxcmds.sty
Package: ltxcmds 2016/05/16 v1.23 LaTeX kernel commands for general use (HO)
)
(/usr/share/texlive/texmf-dist/tex/generic/oberdiek/kvsetkeys.sty
Package: kvsetkeys 2016/05/16 v1.17 Key value parser (HO)

(/usr/share/texlive/texmf-dist/tex/generic/oberdiek/infwarerr.sty
Package: infwarerr 2016/05/16 v1.4 Providing info/warning/error messages (HO)
)
(/usr/share/texlive/texmf-dist/tex/generic/oberdiek/etexcmds.sty
Package: etexcmds 2016/05/16 v1.6 Avoid name clashes with e-TeX commands (HO)

(/usr/share/texlive/texmf-dist/tex/generic/oberdiek/ifluatex.sty
Package: ifluatex 2016/05/16 v1.4 Provides the ifluatex switch (HO)
Package ifluatex Info: LuaTeX not detected.
)
Package etexcmds Info: Could not find \expanded.
(etexcmds)             That can mean that you are not using pdfTeX 1.50 or
(etexcmds)             that some package has redefined \expanded.
(etexcmds)             In the latter case, load this package earlier.
)))
(/usr/share/texlive/texmf-dist/tex/generic/oberdiek/pdftexcmds.sty
Package: pdftexcmds 2018/01/21 v0.26 Utility functions of pdfTeX for LuaTeX (HO
)
Package pdftexcmds Info: LuaTeX not detected.
Package pdftexcmds Info: \pdf@primitive is available.
Package pdftexcmds Info: \pdf@ifprimitive is available.
Package pdftexcmds Info: \pdfdraftmode found.
)
Package grffile Info: Option `multidot' is set to `true'.
Package grffile Info: Option `extendedchars' is set to `false'.
Package grffile Info: Option `space' is set to `true'.
Package grffile Info: \Gin@ii of package `graphicx' fixed on input line 494.
)
(/usr/share/texlive/texmf-dist/tex/latex/subfig/subfig.sty
Package: subfig 2005/06/28 ver: 1.3 subfig package

(/usr/share/texlive/texmf-dist/tex/latex/caption/caption.sty
Package: caption 2016/02/21 v3.3-144 Customizing captions (AR)

(/usr/share/texlive/texmf-dist/tex/latex/caption/caption3.sty
Package: caption3 2016/05/22 v1.7-166 caption3 kernel (AR)
Package caption3 Info: TeX engine: e-TeX on input line 67.
\captionmargin=\dimen180
\captionmargin@=\dimen181
\captionwidth=\dimen182
\caption@tempdima=\dimen183
\caption@indent=\dimen184
\caption@parindent=\dimen185
\caption@hangindent=\dimen186
)
\c@ContinuedFloat=\count143
Package caption Info: float package is loaded.
)
\c@KVtest=\count144
\sf@farskip=\skip61
\sf@captopadj=\dimen187
\sf@capskip=\skip62
\sf@nearskip=\skip63
\c@subfigure=\count145
\c@subfigure@save=\count146
\c@lofdepth=\count147
\c@subtable=\count148
\c@subtable@save=\count149
\c@lotdepth=\count150
\sf@top=\skip64
\sf@bottom=\skip65
)
(/usr/share/texlive/texmf-dist/tex/latex/preprint/balance.sty
Package: balance 1999/02/23 4.3 (PWD)
\oldvsize=\dimen188
)
(/usr/share/texlive/texmf-dist/tex/latex/tools/tabularx.sty
Package: tabularx 2016/02/03 v2.11 `tabularx' package (DPC)
\TX@col@width=\dimen189
\TX@old@table=\dimen190
\TX@old@col=\dimen191
\TX@target=\dimen192
\TX@delta=\dimen193
\TX@cols=\count151
\TX@ftn=\toks52
)
(/usr/share/texlive/texmf-dist/tex/generic/pgf/frontendlayer/tikz/libraries/tik
zlibrarycalc.code.tex
File: tikzlibrarycalc.code.tex 2013/07/15 v3.0.1a (rcs-revision 1.9)
)
\c@theorem=\count152
\c@definition=\count153

(/usr/share/texlive/texmf-dist/tex/generic/pgf/frontendlayer/tikz/libraries/tik
zlibraryshadings.code.tex
File: tikzlibraryshadings.code.tex 2008/10/29 v3.0.1a (rcs-revision 1.1)

(/usr/share/texlive/texmf-dist/tex/generic/pgf/libraries/pgflibraryshadings.cod
e.tex
File: pgflibraryshadings.code.tex 2008/10/29 v3.0.1a (rcs-revision 1.2)
))
(/usr/share/texlive/texmf-dist/tex/generic/pgf/frontendlayer/tikz/libraries/tik
zlibraryshadows.code.tex
File: tikzlibraryshadows.code.tex 2008/01/13 v3.0.1a (rcs-revision 1.3)

(/usr/share/texlive/texmf-dist/tex/generic/pgf/frontendlayer/tikz/libraries/tik
zlibraryfadings.code.tex
File: tikzlibraryfadings.code.tex 2009/11/15 v3.0.1a (rcs-revision 1.2)

(/usr/share/texlive/texmf-dist/tex/generic/pgf/libraries/pgflibraryfadings.code
.tex
File: pgflibraryfadings.code.tex 2008/02/07 v3.0.1a (rcs-revision 1.3)
)))
(/usr/share/texlive/texmf-dist/tex/generic/pgf/frontendlayer/tikz/libraries/tik
zlibraryshapes.arrows.code.tex
File: tikzlibraryshapes.arrows.code.tex 2008/01/09 v3.0.1a (rcs-revision 1.1)

(/usr/share/texlive/texmf-dist/tex/generic/pgf/libraries/shapes/pgflibraryshape
s.arrows.code.tex
File: pgflibraryshapes.arrows.code.tex 2008/06/26 v3.0.1a (rcs-revision 1.1)
))
(/usr/share/texlive/texmf-dist/tex/generic/pgf/frontendlayer/tikz/libraries/tik
zlibrarypositioning.code.tex
File: tikzlibrarypositioning.code.tex 2008/10/06 v3.0.1a (rcs-revision 1.7)
)
(/usr/share/texlive/texmf-dist/tex/generic/pgf/frontendlayer/tikz/libraries/tik
zlibraryarrows.code.tex
File: tikzlibraryarrows.code.tex 2008/01/09 v3.0.1a (rcs-revision 1.1)

(/usr/share/texlive/texmf-dist/tex/generic/pgf/libraries/pgflibraryarrows.code.
tex
File: pgflibraryarrows.code.tex 2013/09/23 v3.0.1a (rcs-revision 1.16)
\arrowsize=\dimen194
))
(/usr/share/texlive/texmf-dist/tex/generic/pgf/frontendlayer/tikz/libraries/tik
zlibrarybackgrounds.code.tex
File: tikzlibrarybackgrounds.code.tex 2013/07/18 v3.0.1a (rcs-revision 1.3)
\pgf@layerbox@background=\box46
\pgf@layerboxsaved@background=\box47
)
(/usr/share/texlive/texmf-dist/tex/generic/pgf/frontendlayer/tikz/libraries/tik
zlibrarydecorations.pathmorphing.code.tex
(/usr/share/texlive/texmf-dist/tex/generic/pgf/frontendlayer/tikz/libraries/tik
zlibrarydecorations.code.tex
(/usr/share/texlive/texmf-dist/tex/generic/pgf/modules/pgfmoduledecorations.cod
e.tex
\pgfdecoratedcompleteddistance=\dimen195
\pgfdecoratedremainingdistance=\dimen196
\pgfdecoratedinputsegmentcompleteddistance=\dimen197
\pgfdecoratedinputsegmentremainingdistance=\dimen198
\pgf@decorate@distancetomove=\dimen199
\pgf@decorate@repeatstate=\count154
\pgfdecorationsegmentamplitude=\dimen256
\pgfdecorationsegmentlength=\dimen257
)
\tikz@lib@dec@box=\box48
)
(/usr/share/texlive/texmf-dist/tex/generic/pgf/libraries/decorations/pgflibrary
decorations.pathmorphing.code.tex))
\c@pbcnt=\count155
 (./main.aux

LaTeX Warning: Label `fig:min-seg-cost-segcost-new' multiply defined.


LaTeX Warning: Label `fig:maxEDP_runtime' multiply defined.


LaTeX Warning: Label `fig:maxEDP_boxplot' multiply defined.

)
\openout1 = `main.aux'.

LaTeX Font Info:    Checking defaults for OML/cmm/m/it on input line 249.
LaTeX Font Info:    ... okay on input line 249.
LaTeX Font Info:    Checking defaults for T1/cmr/m/n on input line 249.
LaTeX Font Info:    ... okay on input line 249.
LaTeX Font Info:    Checking defaults for OT1/cmr/m/n on input line 249.
LaTeX Font Info:    ... okay on input line 249.
LaTeX Font Info:    Checking defaults for OMS/cmsy/m/n on input line 249.
LaTeX Font Info:    ... okay on input line 249.
LaTeX Font Info:    Checking defaults for OMX/cmex/m/n on input line 249.
LaTeX Font Info:    ... okay on input line 249.
LaTeX Font Info:    Checking defaults for U/cmr/m/n on input line 249.
LaTeX Font Info:    ... okay on input line 249.
LaTeX Font Info:    Checking defaults for TS1/cmr/m/n on input line 249.
LaTeX Font Info:    Try loading font information for TS1+cmr on input line 249.

 (/usr/share/texlive/texmf-dist/tex/latex/base/ts1cmr.fd
File: ts1cmr.fd 2014/09/29 v2.5h Standard LaTeX font definitions
)
LaTeX Font Info:    ... okay on input line 249.

(/usr/share/texlive/texmf-dist/tex/context/base/mkii/supp-pdf.mkii
[Loading MPS to PDF converter (version 2006.09.02).]
\scratchcounter=\count156
\scratchdimen=\dimen258
\scratchbox=\box49
\nofMPsegments=\count157
\nofMParguments=\count158
\everyMPshowfont=\toks53
\MPscratchCnt=\count159
\MPscratchDim=\dimen259
\MPnumerator=\count160
\makeMPintoPDFobject=\count161
\everyMPtoPDFconversion=\toks54
) (/usr/share/texlive/texmf-dist/tex/latex/oberdiek/epstopdf-base.sty
Package: epstopdf-base 2016/05/15 v2.6 Base part for package epstopdf

(/usr/share/texlive/texmf-dist/tex/latex/oberdiek/grfext.sty
Package: grfext 2016/05/16 v1.2 Manage graphics extensions (HO)

(/usr/share/texlive/texmf-dist/tex/generic/oberdiek/kvdefinekeys.sty
Package: kvdefinekeys 2016/05/16 v1.4 Define keys (HO)
))
Package epstopdf-base Info: Redefining graphics rule for `.eps' on input line 4
38.
Package grfext Info: Graphics extension search list:
(grfext)             [.pdf,.png,.jpg,.mps,.jpeg,.jbig2,.jb2,.PDF,.PNG,.JPG,.JPE
G,.JBIG2,.JB2,.eps]
(grfext)             \AppendGraphicsExtensions on input line 456.

(/usr/share/texlive/texmf-dist/tex/latex/latexconfig/epstopdf-sys.cfg
File: epstopdf-sys.cfg 2010/07/13 v1.3 Configuration of (r)epstopdf for TeX Liv
e
))
ABD: EveryShipout initializing macros
Package caption Info: Begin \AtBeginDocument code.
Package caption Info: subfig package v1.3 is loaded.
Package caption Info: End \AtBeginDocument code.
 (./main.toc
LaTeX Font Info:    Try loading font information for U+zeur on input line 2.

(/usr/share/texlive/texmf-dist/tex/latex/eulervm/uzeur.fd
File: uzeur.fd 2005/01/11 v4.0 (WaS)
)
LaTeX Font Info:    Try loading font information for U+zeus on input line 2.

(/usr/share/texlive/texmf-dist/tex/latex/eulervm/uzeus.fd
File: uzeus.fd 2005/01/11 v4.0 (WaS)
)
LaTeX Font Info:    Try loading font information for U+zeuex on input line 2.

(/usr/share/texlive/texmf-dist/tex/latex/eulervm/uzeuex.fd
File: uzeuex.fd 2005/01/11 v4.0 (WaS)
) [1


{/var/lib/texmf/fonts/map/pdftex/updmap/pdftex.map}])
\tf@toc=\write5
\openout5 = `main.toc'.

 (./chapters/introduction.tex [2]
Chapter 1.
LaTeX Font Info:    Font shape `OT1/cmtt/bx/n' in size <8> not available
(Font)              Font shape `OT1/cmtt/m/n' tried instead on input line 45.

Underfull \vbox (badness 10000) has occurred while \output is active []

 [3

]
Underfull \vbox (badness 10000) has occurred while \output is active []

 [4]
Underfull \vbox (badness 10000) has occurred while \output is active []

 [5]
[6] [7] [8]
Overfull \hbox (6.28279pt too wide) in paragraph at lines 538--539
[]\OT1/cmr/m/n/10 Mathieu Jadin, Fra^^Xcois Aubry, Pierre Schaus, Olivier Bonav
en-ture. \OT1/cmr/m/it/10 CG4SR:
 []

[9]) (./chapters/graph-theory.tex [10]
Chapter 2.
[11

]
Overfull \hbox (9.73448pt too wide) in paragraph at lines 45--48
[]\OT1/cmr/bx/n/10 Definition 2.3. []\OT1/cmr/m/it/10 A \OT1/cmr/m/n/10 net-wor
k \OT1/cmr/m/it/10 is a tu-ple $\U/zeur/m/n/10 G \U/zeus/m/n/10  \U/zeur/m/n/
10 V\OT1/cmr/m/n/10 , \U/zeur/m/n/10 E\OT1/cmr/m/n/10 , [], [], []\U/zeus/m/n/1
0 $ \OT1/cmr/m/it/10 where $\U/zeur/m/n/10 V \U/zeus/m/n/10  f\OT1/cmr/m/n/10
 0, [] , \U/zeur/m/n/10 n \U/zeus/m/n/10 ^^@
 []

[12]
LaTeX Font Info:    Font shape `OT1/cmtt/bx/n' in size <5> not available
(Font)              Font shape `OT1/cmtt/m/n' tried instead on input line 140.

Underfull \hbox (badness 1888) in paragraph at lines 143--144
\OT1/cmr/m/n/10 gle link be-tween \OT1/cmtt/m/n/10 a
 []


Underfull \hbox (badness 1888) detected at line 144
\OT1/cmr/m/n/10 gle link be-tween \OT1/cmtt/m/n/10 a
 []


Underfull \hbox (badness 3138) in paragraph at lines 155--157
[]\OT1/cmr/m/n/10 A net-work with a
 []


Underfull \hbox (badness 3138) detected at line 157
[]\OT1/cmr/m/n/10 A net-work with a
 []


Underfull \hbox (badness 10000) in paragraph at lines 169--171
\OT1/cmr/m/n/10 bidi-rec-tional links
 []


Underfull \hbox (badness 4505) in paragraph at lines 169--171
\OT1/cmr/m/n/10 be-tween \OT1/cmtt/m/n/10 a \OT1/cmr/m/n/10 and \OT1/cmtt/m/n/1
0 b\OT1/cmr/m/n/10 .
 []


Underfull \hbox (badness 10000) in paragraph at lines 169--171
\OT1/cmr/m/n/10 This means that
 []


Underfull \hbox (badness 4366) in paragraph at lines 169--171
\OT1/cmr/m/n/10 it has four edges:
 []


Underfull \hbox (badness 10000) in paragraph at lines 169--171
\U/zeus/m/n/10 []\OT1/cmr/m/n/10 , [], 1\U/zeus/m/n/10 $\OT1/cmr/m/n/10 , $\U
/zeus/m/n/10 []\OT1/cmr/m/n/10 , [], 2\U/zeus/m/n/10 $\OT1/cmr/m/n/10 ,
 []


Underfull \hbox (badness 10000) detected at line 171
\U/zeus/m/n/10 []\OT1/cmr/m/n/10 , [], 1\U/zeus/m/n/10 $\OT1/cmr/m/n/10 , $\U
/zeus/m/n/10 []\OT1/cmr/m/n/10 , [], 2\U/zeus/m/n/10 $\OT1/cmr/m/n/10 ,
 []


Underfull \hbox (badness 1515) detected at line 171
\OT1/cmr/m/n/10 it has four edges:
 []


Underfull \hbox (badness 10000) detected at line 171
\OT1/cmr/m/n/10 This means that
 []


Underfull \hbox (badness 1590) detected at line 171
\OT1/cmr/m/n/10 be-tween \OT1/cmtt/m/n/10 a \OT1/cmr/m/n/10 and \OT1/cmtt/m/n/1
0 b\OT1/cmr/m/n/10 .
 []


Underfull \hbox (badness 10000) detected at line 171
\OT1/cmr/m/n/10 bidi-rec-tional links
 []


Overfull \hbox (33.6329pt too wide) in paragraph at lines 135--175
 [] 
 []


Underfull \hbox (badness 10000) in paragraph at lines 184--191

 []

[13] [14]
Underfull \vbox (badness 2790) has occurred while \output is active []

 [15]
[16] [17]) (./chapters/analysis.tex [18]
Chapter 3.
[19

] [20]
Package epstopdf Info: Source file: <./Network-lib/data/plot/spCount.eps>
(epstopdf)                    date: 2019-09-24 14:09:03
(epstopdf)                    size: 30094 bytes
(epstopdf)             Output file: <./Network-lib/data/plot/spCount-eps-conver
ted-to.pdf>
(epstopdf)                    date: 2019-09-24 14:09:03
(epstopdf)                    size: 14528 bytes
(epstopdf)             Command: <repstopdf --outfile=./Network-lib/data/plot/sp
Count-eps-converted-to.pdf ./Network-lib/data/plot/spCount.eps>
(epstopdf)             \includegraphics on input line 160.
Package epstopdf Info: Output file is already uptodate.


pdfTeX warning: /usr/bin/pdflatex (file ./Network-lib/data/plot/spCount-eps-con
verted-to.pdf): PDF inclusion: found PDF version <1.7>, but at most version <1.
5> allowed
<./Network-lib/data/plot/spCount-eps-converted-to.pdf, id=124, 416.55624pt x 31
6.18124pt>
File: ./Network-lib/data/plot/spCount-eps-converted-to.pdf Graphic file (type p
df)
<use ./Network-lib/data/plot/spCount-eps-converted-to.pdf>
Package pdftex.def Info: ./Network-lib/data/plot/spCount-eps-converted-to.pdf  
used on input line 160.
(pdftex.def)             Requested size: 293.2521pt x 222.59903pt.
Package epstopdf Info: Source file: <./Network-lib/data/plot/deg_boxplot.eps>
(epstopdf)                    date: 2019-09-24 14:09:03
(epstopdf)                    size: 39290 bytes
(epstopdf)             Output file: <./Network-lib/data/plot/deg_boxplot-eps-co
nverted-to.pdf>
(epstopdf)                    date: 2019-09-24 14:09:03
(epstopdf)                    size: 24829 bytes
(epstopdf)             Command: <repstopdf --outfile=./Network-lib/data/plot/de
g_boxplot-eps-converted-to.pdf ./Network-lib/data/plot/deg_boxplot.eps>
(epstopdf)             \includegraphics on input line 177.
Package epstopdf Info: Output file is already uptodate.


pdfTeX warning: /usr/bin/pdflatex (file ./Network-lib/data/plot/deg_boxplot-eps
-converted-to.pdf): PDF inclusion: found PDF version <1.7>, but at most version
 <1.5> allowed
<./Network-lib/data/plot/deg_boxplot-eps-converted-to.pdf, id=125, 410.53375pt 
x 346.29375pt>
File: ./Network-lib/data/plot/deg_boxplot-eps-converted-to.pdf Graphic file (ty
pe pdf)
<use ./Network-lib/data/plot/deg_boxplot-eps-converted-to.pdf>
Package pdftex.def Info: ./Network-lib/data/plot/deg_boxplot-eps-converted-to.p
df  used on input line 177.
(pdftex.def)             Requested size: 293.2521pt x 247.36037pt.
[21] [22 <./Network-lib/data/plot/spCount-eps-converted-to.pdf> <./Network-lib/
data/plot/deg_boxplot-eps-converted-to.pdf>]
Package epstopdf Info: Source file: <./Network-lib/data/plot/edge_density.eps>
(epstopdf)                    date: 2019-09-24 14:09:03
(epstopdf)                    size: 25165 bytes
(epstopdf)             Output file: <./Network-lib/data/plot/edge_density-eps-c
onverted-to.pdf>
(epstopdf)                    date: 2019-09-24 14:09:03
(epstopdf)                    size: 14165 bytes
(epstopdf)             Command: <repstopdf --outfile=./Network-lib/data/plot/ed
ge_density-eps-converted-to.pdf ./Network-lib/data/plot/edge_density.eps>
(epstopdf)             \includegraphics on input line 202.
Package epstopdf Info: Output file is already uptodate.


pdfTeX warning: /usr/bin/pdflatex (file ./Network-lib/data/plot/edge_density-ep
s-converted-to.pdf): PDF inclusion: found PDF version <1.7>, but at most versio
n <1.5> allowed
<./Network-lib/data/plot/edge_density-eps-converted-to.pdf, id=195, 416.55624pt
 x 316.18124pt>
File: ./Network-lib/data/plot/edge_density-eps-converted-to.pdf Graphic file (t
ype pdf)
<use ./Network-lib/data/plot/edge_density-eps-converted-to.pdf>
Package pdftex.def Info: ./Network-lib/data/plot/edge_density-eps-converted-to.
pdf  used on input line 202.
(pdftex.def)             Requested size: 293.2521pt x 222.59903pt.
Package epstopdf Info: Source file: <./Network-lib/data/plot/minCuts.eps>
(epstopdf)                    date: 2019-09-24 14:09:03
(epstopdf)                    size: 24639 bytes
(epstopdf)             Output file: <./Network-lib/data/plot/minCuts-eps-conver
ted-to.pdf>
(epstopdf)                    date: 2019-09-24 14:09:03
(epstopdf)                    size: 13464 bytes
(epstopdf)             Command: <repstopdf --outfile=./Network-lib/data/plot/mi
nCuts-eps-converted-to.pdf ./Network-lib/data/plot/minCuts.eps>
(epstopdf)             \includegraphics on input line 218.
Package epstopdf Info: Output file is already uptodate.


pdfTeX warning: /usr/bin/pdflatex (file ./Network-lib/data/plot/minCuts-eps-con
verted-to.pdf): PDF inclusion: found PDF version <1.7>, but at most version <1.
5> allowed
<./Network-lib/data/plot/minCuts-eps-converted-to.pdf, id=196, 416.55624pt x 31
6.18124pt>
File: ./Network-lib/data/plot/minCuts-eps-converted-to.pdf Graphic file (type p
df)
<use ./Network-lib/data/plot/minCuts-eps-converted-to.pdf>
Package pdftex.def Info: ./Network-lib/data/plot/minCuts-eps-converted-to.pdf  
used on input line 218.
(pdftex.def)             Requested size: 293.2521pt x 222.59903pt.
[23 <./Network-lib/data/plot/edge_density-eps-converted-to.pdf>])
(./chapters/segment-routing.tex [24 <./Network-lib/data/plot/minCuts-eps-conver
ted-to.pdf>]
Chapter 4.
(./chapters/sr/intro.tex) (./chapters/sr/formal.tex [25

] [26] [27]

LaTeX Font Warning: Font shape `OT1/cmss/m/it' in size <10> not available
(Font)              Font shape `OT1/cmss/m/sl' tried instead on input line 216.


[28] [29]
Underfull \vbox (badness 10000) has occurred while \output is active []

 [30]
Overfull \hbox (10.43777pt too wide) in paragraph at lines 539--541
[]\OT1/cmr/m/n/10 To lighten the no-ta-tion, we of-ten omit the paren-the-sis a
nd write $[]\U/zeus/m/n/10 h\U/zeur/m/n/10 x[]\OT1/cmr/m/n/10 , [] , \U/zeur/m/
n/10 x[]\U/zeus/m/n/10 i$
 []

[31] [32]

! Package pgfkeys Error: I do not know the key '/tikz/left bottom', to which yo
u passed '0.1cm of e', and I am going to ignore it. Perhaps you misspelled it.

See the pgfkeys package documentation for explanation.
Type  H <return>  for immediate help.
 ...                                              
                                                  
l.677 ...= 0.1cm of e, draw, fill=orange!20!white]
                                                   (y3) {\footnotesize $y_3$};
This error message was generated by an \errmessage
command, so I can't give any explicit help.
Pretend that you're Hercule Poirot: Examine all clues,
and deduce the truth by order and method.

[33] [34]
Overfull \hbox (13.30367pt too wide) in paragraph at lines 805--829
[][] 
 []

) (./chapters/sr/minseg.tex [35]
Overfull \hbox (39.60246pt too wide) in paragraph at lines 55--60
\OT1/cmr/m/n/10 Fig-ure 4.5[]. We al-ready saw in Lemma 4.7[] above that $[] \U
/zeus/m/n/10  h[]\OT1/cmr/m/n/10 , []\U/zeus/m/n/10 \OT1/cmr/m/n/10 , \U/zeu
s/m/n/10 []\OT1/cmr/m/n/10 , []\U/zeus/m/n/10 \OT1/cmr/m/n/10 , \U/zeus/m/n/1
0 []\OT1/cmr/m/n/10 , []\U/zeus/m/n/10 \OT1/cmr/m/n/10 , \U/zeus/m/n/10 []\O
T1/cmr/m/n/10 , []\U/zeus/m/n/10 \OT1/cmr/m/n/10 , \U/zeus/m/n/10 []\OT1/cmr/
m/n/10 , []\U/zeus/m/n/10 i$
 []

[36]
Overfull \hbox (0.62207pt too wide) in paragraph at lines 113--114
 [] 
 []


Underfull \hbox (badness 10000) in paragraph at lines 138--140

 []

[37] [38] [39] [40]
Underfull \hbox (badness 10000) in paragraph at lines 445--447

 []

[41]
Underfull \hbox (badness 10000) in paragraph at lines 463--465

 []


Overfull \hbox (7.66467pt too wide) in paragraph at lines 473--475
[]\OT1/cmr/bx/n/10 Definition 4.15. []\OT1/cmr/m/it/10 Let $\U/zeur/m/n/10 G$ \
OT1/cmr/m/it/10 be a net-work and $\U/zeur/m/n/10 p$ \OT1/cmr/m/it/10 a path on
 $\U/zeur/m/n/10 G$ \OT1/cmr/m/it/10 vis-it-ing nodes $\U/zeus/m/n/10 \U/zeur/
m/n/10 v[]\OT1/cmr/m/n/10 , [] , \U/zeur/m/n/10 v[]\U/zeus/m/n/10 $\OT1/cmr/m/
it/10 .
 []


Underfull \hbox (badness 1320) in paragraph at lines 532--533
\U/zeur/m/n/8 v[]$ \OT1/cmr/m/n/8 means that there
 []


Underfull \hbox (badness 1320) detected at line 533
\U/zeur/m/n/8 v[]$ \OT1/cmr/m/n/8 means that there
 []


Package varwidth Warning: Failed to reprocess entire contents on input line 539
.


Package varwidth Warning: Failed to reprocess entire contents on input line 539
.

[42] [43]) (./chapters/sr/reach.tex [44] [45]
Overfull \hbox (0.10802pt too wide) in paragraph at lines 293--298
[]\OT1/cmr/m/it/10 Case 2: $\U/zeur/m/n/10 x[]$ \OT1/cmr/m/n/10 is an ad-ja-cen
cy seg-ment. Write $\U/zeur/m/n/10 x[] \U/zeus/m/n/10  \U/zeur/m/n/10 u[]\OT1
/cmr/m/n/10 , \U/zeur/m/n/10 u[]\U/zeus/m/n/10 $\OT1/cmr/m/n/10 . Then $\U/zeu
s/m/n/10 h\U/zeur/m/n/10 x[]\OT1/cmr/m/n/10 , [] , \U/zeur/m/n/10 x[]\U/zeus/m/
n/10 i$
 []

[46] [47]
Package epstopdf Info: Source file: <./Network-lib/data/plot/kminkmax.eps>
(epstopdf)                    date: 2019-09-24 14:09:03
(epstopdf)                    size: 30014 bytes
(epstopdf)             Output file: <./Network-lib/data/plot/kminkmax-eps-conve
rted-to.pdf>
(epstopdf)                    date: 2019-09-24 14:09:03
(epstopdf)                    size: 14537 bytes
(epstopdf)             Command: <repstopdf --outfile=./Network-lib/data/plot/km
inkmax-eps-converted-to.pdf ./Network-lib/data/plot/kminkmax.eps>
(epstopdf)             \includegraphics on input line 429.
Package epstopdf Info: Output file is already uptodate.


pdfTeX warning: /usr/bin/pdflatex (file ./Network-lib/data/plot/kminkmax-eps-co
nverted-to.pdf): PDF inclusion: found PDF version <1.7>, but at most version <1
.5> allowed
<./Network-lib/data/plot/kminkmax-eps-converted-to.pdf, id=355, 412.54124pt x 3
26.21875pt>
File: ./Network-lib/data/plot/kminkmax-eps-converted-to.pdf Graphic file (type 
pdf)
<use ./Network-lib/data/plot/kminkmax-eps-converted-to.pdf>
Package pdftex.def Info: ./Network-lib/data/plot/kminkmax-eps-converted-to.pdf 
 used on input line 429.
(pdftex.def)             Requested size: 293.2521pt x 231.8907pt.
[48]
Underfull \hbox (badness 10000) in paragraph at lines 457--459

 []


Overfull \hbox (29.739pt too wide) in paragraph at lines 465--467
[]\OT1/cmr/m/it/10 Given a net-work $\U/zeur/m/n/10 G$ \OT1/cmr/m/it/10 and $\U
/zeur/m/n/10 s\OT1/cmr/m/n/10 , \U/zeur/m/n/10 t \U/zeus/m/n/10 2 \U/zeur/m/n/1
0 V\U/zeus/m/n/10 \U/zeur/m/n/10 G\U/zeus/m/n/10 $ \OT1/cmr/m/it/10 find a si
m-ple $\U/zeur/m/n/10 s$\OT1/cmr/m/it/10 -$\U/zeur/m/n/10 t$ \OT1/cmr/m/it/10 p
ath $\U/zeur/m/n/10 p$ \OT1/cmr/m/it/10 such that $[]\U/zeus/m/n/10 []\U/zeur
/m/n/10 p\U/zeus/m/n/10 $
 []


Underfull \hbox (badness 10000) in paragraph at lines 465--467

 []


Underfull \hbox (badness 10000) in paragraph at lines 471--474

 []

[49 <./Network-lib/data/plot/kminkmax-eps-converted-to.pdf>] [50]
Underfull \vbox (badness 2393) has occurred while \output is active []

 [51]))
(./chapters/min-lat-sr.tex [52]
Chapter 5.

Overfull \hbox (11.31355pt too wide) in paragraph at lines 29--32
[]\OT1/cmr/bx/n/10 Definition 5.1. []\OT1/cmr/m/it/10 Let $\U/zeur/m/n/10 G$ \O
T1/cmr/m/it/10 be a net-work. A \OT1/cmr/m/n/10 sr-metric \OT1/cmr/m/it/10 is a
 func-tion $\U/zeur/m/n/10 w \U/zeus/m/n/10  [] [
 []

[53

]
Underfull \hbox (badness 10000) in paragraph at lines 45--47

 []

[54]
Overfull \hbox (3.4136pt too wide) detected at line 149
[]\U/zeus/m/n/10 \U/zeur/m/n/10 i\OT1/cmr/m/n/10 , \U/zeur/m/n/10 x\U/zeus/m/n
/10   \U/zeur/m/n/10 w\U/zeus/m/n/10 []  \U/zeur/m/n/10 w\U/zeus/m/n/10 [
]  \U/zeur/m/n/10 w\U/zeus/m/n/10 \U/zeur/m/n/10 x[]\OT1/cmr/m/n/10 , \U/zeu
r/m/n/10 x[]\U/zeus/m/n/10   \U/zeur/m/n/10 w\U/zeus/m/n/10 \U/zeur/m/n/10 x
[]\U/zeus/m/n/10   []\U/zeur/m/n/10 i \U/zeus/m/n/10 ^^@ \OT1/cmr/m/n/10 1, 
\U/zeur/m/n/10 y\U/zeus/m/n/10   \U/zeur/m/n/10 w\U/zeus/m/n/10 \U/zeur/m/n/
10 r\OT1/cmr/m/n/10 , \U/zeur/m/n/10 u\U/zeus/m/n/10   \U/zeur/m/n/10 w\U/zeu
s/m/n/10 \U/zeur/m/n/10 u\OT1/cmr/m/n/10 , \U/zeur/m/n/10 v\U/zeus/m/n/10 \
OT1/cmr/m/n/10 .
 []

[55] [56]
Package epstopdf Info: Source file: <./Network-lib/data/plot/minLat.eps>
(epstopdf)                    date: 2019-09-24 14:09:03
(epstopdf)                    size: 33078 bytes
(epstopdf)             Output file: <./Network-lib/data/plot/minLat-eps-convert
ed-to.pdf>
(epstopdf)                    date: 2019-09-24 14:09:03
(epstopdf)                    size: 15722 bytes
(epstopdf)             Command: <repstopdf --outfile=./Network-lib/data/plot/mi
nLat-eps-converted-to.pdf ./Network-lib/data/plot/minLat.eps>
(epstopdf)             \includegraphics on input line 316.
Package epstopdf Info: Output file is already uptodate.


pdfTeX warning: /usr/bin/pdflatex (file ./Network-lib/data/plot/minLat-eps-conv
erted-to.pdf): PDF inclusion: found PDF version <1.7>, but at most version <1.5
> allowed
<./Network-lib/data/plot/minLat-eps-converted-to.pdf, id=422, 416.55624pt x 356
.33125pt>
File: ./Network-lib/data/plot/minLat-eps-converted-to.pdf Graphic file (type pd
f)
<use ./Network-lib/data/plot/minLat-eps-converted-to.pdf>
Package pdftex.def Info: ./Network-lib/data/plot/minLat-eps-converted-to.pdf  u
sed on input line 316.
(pdftex.def)             Requested size: 249.93567pt x 213.80038pt.
Package epstopdf Info: Source file: <./Network-lib/data/plot/minLat_seg.eps>
(epstopdf)                    date: 2019-09-24 14:09:03
(epstopdf)                    size: 33176 bytes
(epstopdf)             Output file: <./Network-lib/data/plot/minLat_seg-eps-con
verted-to.pdf>
(epstopdf)                    date: 2019-09-24 14:09:03
(epstopdf)                    size: 16523 bytes
(epstopdf)             Command: <repstopdf --outfile=./Network-lib/data/plot/mi
nLat_seg-eps-converted-to.pdf ./Network-lib/data/plot/minLat_seg.eps>
(epstopdf)             \includegraphics on input line 335.
Package epstopdf Info: Output file is already uptodate.


pdfTeX warning: /usr/bin/pdflatex (file ./Network-lib/data/plot/minLat_seg-eps-
converted-to.pdf): PDF inclusion: found PDF version <1.7>, but at most version 
<1.5> allowed
<./Network-lib/data/plot/minLat_seg-eps-converted-to.pdf, id=423, 410.53375pt x
 326.21875pt>
File: ./Network-lib/data/plot/minLat_seg-eps-converted-to.pdf Graphic file (typ
e pdf)
<use ./Network-lib/data/plot/minLat_seg-eps-converted-to.pdf>
Package pdftex.def Info: ./Network-lib/data/plot/minLat_seg-eps-converted-to.pd
f  used on input line 335.
(pdftex.def)             Requested size: 246.32214pt x 195.73274pt.
Package epstopdf Info: Source file: <./Network-lib/data/plot/minLat_seg_ovh.eps
>
(epstopdf)                    date: 2019-09-24 14:09:03
(epstopdf)                    size: 31880 bytes
(epstopdf)             Output file: <./Network-lib/data/plot/minLat_seg_ovh-eps
-converted-to.pdf>
(epstopdf)                    date: 2019-09-24 14:09:03
(epstopdf)                    size: 18608 bytes
(epstopdf)             Command: <repstopdf --outfile=./Network-lib/data/plot/mi
nLat_seg_ovh-eps-converted-to.pdf ./Network-lib/data/plot/minLat_seg_ovh.eps>
(epstopdf)             \includegraphics on input line 352.
Package epstopdf Info: Output file is already uptodate.


pdfTeX warning: /usr/bin/pdflatex (file ./Network-lib/data/plot/minLat_seg_ovh-
eps-converted-to.pdf): PDF inclusion: found PDF version <1.7>, but at most vers
ion <1.5> allowed
<./Network-lib/data/plot/minLat_seg_ovh-eps-converted-to.pdf, id=424, 422.57875
pt x 326.21875pt>
File: ./Network-lib/data/plot/minLat_seg_ovh-eps-converted-to.pdf Graphic file 
(type pdf)
<use ./Network-lib/data/plot/minLat_seg_ovh-eps-converted-to.pdf>
Package pdftex.def Info: ./Network-lib/data/plot/minLat_seg_ovh-eps-converted-t
o.pdf  used on input line 352.
(pdftex.def)             Requested size: 253.5492pt x 195.73274pt.
[57] [58 <./Network-lib/data/plot/minLat-eps-converted-to.pdf> <./Network-lib/d
ata/plot/minLat_seg-eps-converted-to.pdf>] [59 <./Network-lib/data/plot/minLat_
seg_ovh-eps-converted-to.pdf>] [60]

LaTeX Warning: File `./Network-lib/data/plot/ecmpPathCount.eps' not found on in
put line 515.

Package epstopdf Info: Source file: <./Network-lib/data/plot/ecmpPathCount.eps>

(epstopdf)             Output file: <./Network-lib/data/plot/ecmpPathCount-eps-
converted-to.pdf>
(epstopdf)                    date: 2019-09-24 14:09:03
(epstopdf)                    size: 15683 bytes
(epstopdf)             Command: <repstopdf --outfile=./Network-lib/data/plot/ec
mpPathCount-eps-converted-to.pdf ./Network-lib/data/plot/ecmpPathCount.eps>
(epstopdf)             \includegraphics on input line 515.
Package epstopdf Info: Output file is already uptodate.


pdfTeX warning: /usr/bin/pdflatex (file ./Network-lib/data/plot/ecmpPathCount-e
ps-converted-to.pdf): PDF inclusion: found PDF version <1.7>, but at most versi
on <1.5> allowed
<./Network-lib/data/plot/ecmpPathCount-eps-converted-to.pdf, id=565, 410.53375p
t x 342.27875pt>
File: ./Network-lib/data/plot/ecmpPathCount-eps-converted-to.pdf Graphic file (
type pdf)
<use ./Network-lib/data/plot/ecmpPathCount-eps-converted-to.pdf>
Package pdftex.def Info: ./Network-lib/data/plot/ecmpPathCount-eps-converted-to
.pdf  used on input line 515.
(pdftex.def)             Requested size: 246.32214pt x 205.36882pt.

Underfull \hbox (badness 10000) in paragraph at lines 529--531

 []

[61 <./Network-lib/data/plot/ecmpPathCount-eps-converted-to.pdf>]
Underfull \vbox (badness 10000) has occurred while \output is active []

 [62]
Underfull \vbox (badness 2351) has occurred while \output is active []

 [63]
[64]
Underfull \hbox (badness 10000) in paragraph at lines 870--872

 []

[65] [66]
Underfull \vbox (badness 10000) has occurred while \output is active []

 [67])
(./chapters/te.tex [68]
Chapter 6.
[69

]
Underfull \hbox (badness 10000) in paragraph at lines 111--113

 []

[70]
Underfull \hbox (badness 10000) in paragraph at lines 147--149

 []

(./chapters/te/lp.tex [71] [72] [73]
Overfull \hbox (27.79353pt too wide) in paragraph at lines 109--288
 [] 
 []

[74]) (./chapters/te/mip.tex
Underfull \hbox (badness 10000) in paragraph at lines 20--22

 []

[75]
Underfull \hbox (badness 10000) in paragraph at lines 32--34

 []


Underfull \vbox (badness 10000) has occurred while \output is active []

 [76]
Overfull \hbox (15.74013pt too wide) in paragraph at lines 111--124
 [] 
 []


Underfull \vbox (badness 10000) has occurred while \output is active []

 [77]
[78]) (./chapters/te/cg.tex [79] [80]
Overfull \hbox (8.20477pt too wide) in paragraph at lines 135--140
[]\OT1/cmr/m/n/10 Solving this yields a pri-mal so-lu-tion $\U/zeur/m/n/10 x[] 
\U/zeus/m/n/10  \OT1/cmr/m/n/10 0, 1.2, 0\U/zeus/m/n/10 $ \OT1/cmr/m/n/10 an
d dual so-lu-tion $\U/zeur/m/n/10 y[]\U/zeus/m/n/10 \OT1/cmr/m/n/10 0.6, 0\U/z
eus/m/n/10 $\OT1/cmr/m/n/10 .
 []

[81] [82]
Underfull \hbox (badness 1721) in paragraph at lines 280--282
[]$\U/zeur/m/n/10 x[]$ \OT1/cmr/m/n/10 with is the op-ti-mal
 []

[83]
Overfull \hbox (9.94746pt too wide) in paragraph at lines 308--315
 [] 
 []

[84] [85]
Underfull \hbox (badness 10000) in paragraph at lines 395--398

 []

[86] [87]
Overfull \hbox (45.18013pt too wide) in paragraph at lines 503--507
\OT1/cmr/m/n/10 un-til no new paths are found thus com-put-ing an op-ti-mal so-
lu-tion of $[]\U/zeus/m/n/10 P\OT1/cmr/m/n/10 , \U/zeus/m/n/10 D\OT1/cmr/m/n/1
0 , \U/zeur/m/n/10 ^^U\U/zeus/m/n/10 $
 []

[88]) (./chapters/te/results.tex [89]
<images/solver_lower_bound_seg_cmp.2016RocketFuelUCL.cdfs.pdf, id=703, 508.4558
3pt x 404.50969pt>
File: images/solver_lower_bound_seg_cmp.2016RocketFuelUCL.cdfs.pdf Graphic file
 (type pdf)
<use images/solver_lower_bound_seg_cmp.2016RocketFuelUCL.cdfs.pdf>
Package pdftex.def Info: images/solver_lower_bound_seg_cmp.2016RocketFuelUCL.cd
fs.pdf  used on input line 66.
(pdftex.def)             Requested size: 276.00105pt x 219.58002pt.
 [90 <./images/solver_lower_bound_seg_cmp.2016RocketFuelUCL.cdfs.pdf>]
<images/solver_gap_optim_seg_cmp.2016RocketFuelUCL.cdfs.pdf, id=765, 508.45583p
t x 404.50969pt>
File: images/solver_gap_optim_seg_cmp.2016RocketFuelUCL.cdfs.pdf Graphic file (
type pdf)
<use images/solver_gap_optim_seg_cmp.2016RocketFuelUCL.cdfs.pdf>
Package pdftex.def Info: images/solver_gap_optim_seg_cmp.2016RocketFuelUCL.cdfs
.pdf  used on input line 93.
(pdftex.def)             Requested size: 276.00105pt x 219.58002pt.
<images/solver_exec_times_inf-2.2016RocketFuelUCL.cdfs.pdf, id=766, 514.97784pt
 x 404.50969pt>
File: images/solver_exec_times_inf-2.2016RocketFuelUCL.cdfs.pdf Graphic file (t
ype pdf)
<use images/solver_exec_times_inf-2.2016RocketFuelUCL.cdfs.pdf>
Package pdftex.def Info: images/solver_exec_times_inf-2.2016RocketFuelUCL.cdfs.
pdf  used on input line 132.
(pdftex.def)             Requested size: 276.00105pt x 216.79631pt.
 [91 <./images/solver_gap_optim_seg_cmp.2016RocketFuelUCL.cdfs.pdf>]
<images/solver_columns_over_demands_inf-6.2016RocketFuelUCL.pdf, id=802, 553.13
841pt x 394.7937pt>
File: images/solver_columns_over_demands_inf-6.2016RocketFuelUCL.pdf Graphic fi
le (type pdf)
<use images/solver_columns_over_demands_inf-6.2016RocketFuelUCL.pdf>
Package pdftex.def Info: images/solver_columns_over_demands_inf-6.2016RocketFue
lUCL.pdf  used on input line 161.
(pdftex.def)             Requested size: 276.00105pt x 196.99274pt.
 [92 <./images/solver_exec_times_inf-2.2016RocketFuelUCL.cdfs.pdf>]
<images/solver_gap_optim_60-6.2016RocketFuelUCL.cdfs.pdf, id=846, 510.47124pt x
 404.50969pt>
File: images/solver_gap_optim_60-6.2016RocketFuelUCL.cdfs.pdf Graphic file (typ
e pdf)
<use images/solver_gap_optim_60-6.2016RocketFuelUCL.cdfs.pdf>
Package pdftex.def Info: images/solver_gap_optim_60-6.2016RocketFuelUCL.cdfs.pd
f  used on input line 193.
(pdftex.def)             Requested size: 276.00105pt x 218.70973pt.
<images/solver_gap_optim_300-6.2016RocketFuelUCL.cdfs.pdf, id=847, 527.20125pt 
x 404.50969pt>
File: images/solver_gap_optim_300-6.2016RocketFuelUCL.cdfs.pdf Graphic file (ty
pe pdf)
<use images/solver_gap_optim_300-6.2016RocketFuelUCL.cdfs.pdf>
Package pdftex.def Info: images/solver_gap_optim_300-6.2016RocketFuelUCL.cdfs.p
df  used on input line 201.
(pdftex.def)             Requested size: 276.00105pt x 211.77205pt.
<images/solver_gap_optim_600-6.2016RocketFuelUCL.cdfs.pdf, id=848, 508.45583pt 
x 404.50969pt>
File: images/solver_gap_optim_600-6.2016RocketFuelUCL.cdfs.pdf Graphic file (ty
pe pdf)
<use images/solver_gap_optim_600-6.2016RocketFuelUCL.cdfs.pdf>
Package pdftex.def Info: images/solver_gap_optim_600-6.2016RocketFuelUCL.cdfs.p
df  used on input line 209.
(pdftex.def)             Requested size: 276.00105pt x 219.58002pt.
<images/solver_gap_optim_600-6.2016RocketFuelUCL_datacenter.cdfs.pdf, id=849, 5
08.45583pt x 404.50969pt>
File: images/solver_gap_optim_600-6.2016RocketFuelUCL_datacenter.cdfs.pdf Graph
ic file (type pdf)
<use images/solver_gap_optim_600-6.2016RocketFuelUCL_datacenter.cdfs.pdf>
Package pdftex.def Info: images/solver_gap_optim_600-6.2016RocketFuelUCL_datace
nter.cdfs.pdf  used on input line 234.
(pdftex.def)             Requested size: 276.00105pt x 219.58002pt.

Underfull \vbox (badness 10000) has occurred while \output is active []

 [93 <./images/solver_columns_over_demands_inf-6.2016RocketFuelUCL.pdf>] [94 <.
/images/solver_gap_optim_60-6.2016RocketFuelUCL.cdfs.pdf> <./images/solver_gap_
optim_300-6.2016RocketFuelUCL.cdfs.pdf

pdfTeX warning: /usr/bin/pdflatex (file ./images/solver_gap_optim_300-6.2016Roc
ketFuelUCL.cdfs.pdf): PDF inclusion: multiple pdfs with page group included in 
a single page
>] [95 <./images/solver_gap_optim_600-6.2016RocketFuelUCL.cdfs.pdf> <./images/s
olver_gap_optim_600-6.2016RocketFuelUCL_datacenter.cdfs.pdf

pdfTeX warning: /usr/bin/pdflatex (file ./images/solver_gap_optim_600-6.2016Roc
ketFuelUCL_datacenter.cdfs.pdf): PDF inclusion: multiple pdfs with page group i
ncluded in a single page
>]
<images/solver_adj_upper_bound.OVH_paper.cdfs.pdf, id=1033, 527.60553pt x 404.5
0969pt>
File: images/solver_adj_upper_bound.OVH_paper.cdfs.pdf Graphic file (type pdf)
<use images/solver_adj_upper_bound.OVH_paper.cdfs.pdf>
Package pdftex.def Info: images/solver_adj_upper_bound.OVH_paper.cdfs.pdf  used
 on input line 285.
(pdftex.def)             Requested size: 276.00105pt x 211.6054pt.
) [96 <./images/solver_adj_upper_bound.OVH_paper.cdfs.pdf>])
(./chapters/network-monitoring.tex [97] [98

]
Chapter 7.
(./chapters/monitoring/intro.tex
<figures/ovh-eu.pdf, id=1087, 572.88136pt x 372.02145pt>
File: figures/ovh-eu.pdf Graphic file (type pdf)
<use figures/ovh-eu.pdf>
Package pdftex.def Info: figures/ovh-eu.pdf  used on input line 10.
(pdftex.def)             Requested size: 293.2521pt x 190.43231pt.
 [99] [100 <./figures/ovh-eu.pdf>]
Underfull \hbox (badness 10000) in paragraph at lines 111--113

 []

)
Underfull \hbox (badness 10000) in paragraph at lines 118--5

 []

(./chapters/monitoring/min-seg-cover.tex
LaTeX Font Info:    Font shape `OT1/cmtt/bx/n' in size <10> not available
(Font)              Font shape `OT1/cmtt/m/n' tried instead on input line 41.
 [101] [102] [103] [104]
Package epstopdf Info: Source file: <./Network-lib/data/plot/minSegCover_runtim
e.eps>
(epstopdf)                    date: 2019-09-24 14:09:03
(epstopdf)                    size: 34686 bytes
(epstopdf)             Output file: <./Network-lib/data/plot/minSegCover_runtim
e-eps-converted-to.pdf>
(epstopdf)                    date: 2019-09-24 14:09:03
(epstopdf)                    size: 14709 bytes
(epstopdf)             Command: <repstopdf --outfile=./Network-lib/data/plot/mi
nSegCover_runtime-eps-converted-to.pdf ./Network-lib/data/plot/minSegCover_runt
ime.eps>
(epstopdf)             \includegraphics on input line 334.
Package epstopdf Info: Output file is already uptodate.


pdfTeX warning: /usr/bin/pdflatex (file ./Network-lib/data/plot/minSegCover_run
time-eps-converted-to.pdf): PDF inclusion: found PDF version <1.7>, but at most
 version <1.5> allowed
<./Network-lib/data/plot/minSegCover_runtime-eps-converted-to.pdf, id=1129, 416
.55624pt x 316.18124pt>
File: ./Network-lib/data/plot/minSegCover_runtime-eps-converted-to.pdf Graphic 
file (type pdf)
<use ./Network-lib/data/plot/minSegCover_runtime-eps-converted-to.pdf>
Package pdftex.def Info: ./Network-lib/data/plot/minSegCover_runtime-eps-conver
ted-to.pdf  used on input line 334.
(pdftex.def)             Requested size: 293.2521pt x 222.59903pt.
Package epstopdf Info: Source file: <./Network-lib/data/plot/minSegCover_runtim
e_by_size.eps>
(epstopdf)                    date: 2019-09-24 14:09:03
(epstopdf)                    size: 20673 bytes
(epstopdf)             Output file: <./Network-lib/data/plot/minSegCover_runtim
e_by_size-eps-converted-to.pdf>
(epstopdf)                    date: 2019-09-24 14:09:03
(epstopdf)                    size: 12952 bytes
(epstopdf)             Command: <repstopdf --outfile=./Network-lib/data/plot/mi
nSegCover_runtime_by_size-eps-converted-to.pdf ./Network-lib/data/plot/minSegCo
ver_runtime_by_size.eps>
(epstopdf)             \includegraphics on input line 346.
Package epstopdf Info: Output file is already uptodate.


pdfTeX warning: /usr/bin/pdflatex (file ./Network-lib/data/plot/minSegCover_run
time_by_size-eps-converted-to.pdf): PDF inclusion: found PDF version <1.7>, but
 at most version <1.5> allowed
<./Network-lib/data/plot/minSegCover_runtime_by_size-eps-converted-to.pdf, id=1
130, 416.55624pt x 316.18124pt>
File: ./Network-lib/data/plot/minSegCover_runtime_by_size-eps-converted-to.pdf 
Graphic file (type pdf)
<use ./Network-lib/data/plot/minSegCover_runtime_by_size-eps-converted-to.pdf>
Package pdftex.def Info: ./Network-lib/data/plot/minSegCover_runtime_by_size-ep
s-converted-to.pdf  used on input line 346.
(pdftex.def)             Requested size: 293.2521pt x 222.59903pt.
[105] [106 <./Network-lib/data/plot/minSegCover_runtime-eps-converted-to.pdf> <
./Network-lib/data/plot/minSegCover_runtime_by_size-eps-converted-to.pdf>]
Package epstopdf Info: Source file: <./Network-lib/data/plot/minSegCover_segcos
t.eps>
(epstopdf)                    date: 2019-09-24 14:09:03
(epstopdf)                    size: 25312 bytes
(epstopdf)             Output file: <./Network-lib/data/plot/minSegCover_segcos
t-eps-converted-to.pdf>
(epstopdf)                    date: 2019-09-24 14:09:03
(epstopdf)                    size: 12843 bytes
(epstopdf)             Command: <repstopdf --outfile=./Network-lib/data/plot/mi
nSegCover_segcost-eps-converted-to.pdf ./Network-lib/data/plot/minSegCover_segc
ost.eps>
(epstopdf)             \includegraphics on input line 365.
Package epstopdf Info: Output file is already uptodate.


pdfTeX warning: /usr/bin/pdflatex (file ./Network-lib/data/plot/minSegCover_seg
cost-eps-converted-to.pdf): PDF inclusion: found PDF version <1.7>, but at most
 version <1.5> allowed
<./Network-lib/data/plot/minSegCover_segcost-eps-converted-to.pdf, id=1201, 410
.53375pt x 316.18124pt>
File: ./Network-lib/data/plot/minSegCover_segcost-eps-converted-to.pdf Graphic 
file (type pdf)
<use ./Network-lib/data/plot/minSegCover_segcost-eps-converted-to.pdf>
Package pdftex.def Info: ./Network-lib/data/plot/minSegCover_segcost-eps-conver
ted-to.pdf  used on input line 365.
(pdftex.def)             Requested size: 293.2521pt x 225.85077pt.
Package epstopdf Info: Source file: <./Network-lib/data/plot/minSegCover_segcos
t_by_size.eps>
(epstopdf)                    date: 2019-09-24 14:09:03
(epstopdf)                    size: 22643 bytes
(epstopdf)             Output file: <./Network-lib/data/plot/minSegCover_segcos
t_by_size-eps-converted-to.pdf>
(epstopdf)                    date: 2019-09-24 14:09:03
(epstopdf)                    size: 12772 bytes
(epstopdf)             Command: <repstopdf --outfile=./Network-lib/data/plot/mi
nSegCover_segcost_by_size-eps-converted-to.pdf ./Network-lib/data/plot/minSegCo
ver_segcost_by_size.eps>
(epstopdf)             \includegraphics on input line 374.
Package epstopdf Info: Output file is already uptodate.


pdfTeX warning: /usr/bin/pdflatex (file ./Network-lib/data/plot/minSegCover_seg
cost_by_size-eps-converted-to.pdf): PDF inclusion: found PDF version <1.7>, but
 at most version <1.5> allowed
<./Network-lib/data/plot/minSegCover_segcost_by_size-eps-converted-to.pdf, id=1
202, 410.53375pt x 316.18124pt>
File: ./Network-lib/data/plot/minSegCover_segcost_by_size-eps-converted-to.pdf 
Graphic file (type pdf)
<use ./Network-lib/data/plot/minSegCover_segcost_by_size-eps-converted-to.pdf>
Package pdftex.def Info: ./Network-lib/data/plot/minSegCover_segcost_by_size-ep
s-converted-to.pdf  used on input line 374.
(pdftex.def)             Requested size: 293.2521pt x 225.85077pt.
) (./chapters/monitoring/cg.tex [107] [108 <./Network-lib/data/plot/minSegCover
_segcost-eps-converted-to.pdf> <./Network-lib/data/plot/minSegCover_segcost_by_
size-eps-converted-to.pdf>] [109]
Underfull \hbox (badness 10000) in paragraph at lines 110--113

 []

[110]
Package epstopdf Info: Source file: <./Network-lib/data/plot/minCycleCover_runt
ime_cdf.eps>
(epstopdf)                    date: 2019-09-24 14:09:03
(epstopdf)                    size: 24387 bytes
(epstopdf)             Output file: <./Network-lib/data/plot/minCycleCover_runt
ime_cdf-eps-converted-to.pdf>
(epstopdf)                    date: 2019-09-24 14:09:03
(epstopdf)                    size: 14770 bytes
(epstopdf)             Command: <repstopdf --outfile=./Network-lib/data/plot/mi
nCycleCover_runtime_cdf-eps-converted-to.pdf ./Network-lib/data/plot/minCycleCo
ver_runtime_cdf.eps>
(epstopdf)             \includegraphics on input line 147.
Package epstopdf Info: Output file is already uptodate.


pdfTeX warning: /usr/bin/pdflatex (file ./Network-lib/data/plot/minCycleCover_r
untime_cdf-eps-converted-to.pdf): PDF inclusion: found PDF version <1.7>, but a
t most version <1.5> allowed
<./Network-lib/data/plot/minCycleCover_runtime_cdf-eps-converted-to.pdf, id=127
4, 416.55624pt x 316.18124pt>
File: ./Network-lib/data/plot/minCycleCover_runtime_cdf-eps-converted-to.pdf Gr
aphic file (type pdf)
<use ./Network-lib/data/plot/minCycleCover_runtime_cdf-eps-converted-to.pdf>
Package pdftex.def Info: ./Network-lib/data/plot/minCycleCover_runtime_cdf-eps-
converted-to.pdf  used on input line 147.
(pdftex.def)             Requested size: 310.4979pt x 235.68799pt.
[111 <./Network-lib/data/plot/minCycleCover_runtime_cdf-eps-converted-to.pdf>]
Package epstopdf Info: Source file: <./Network-lib/data/plot/minCycleCover_lowe
rbound.eps>
(epstopdf)                    date: 2019-09-24 14:09:03
(epstopdf)                    size: 39480 bytes
(epstopdf)             Output file: <./Network-lib/data/plot/minCycleCover_lowe
rbound-eps-converted-to.pdf>
(epstopdf)                    date: 2019-09-24 14:09:03
(epstopdf)                    size: 112474 bytes
(epstopdf)             Command: <repstopdf --outfile=./Network-lib/data/plot/mi
nCycleCover_lowerbound-eps-converted-to.pdf ./Network-lib/data/plot/minCycleCov
er_lowerbound.eps>
(epstopdf)             \includegraphics on input line 221.
Package epstopdf Info: Output file is already uptodate.


pdfTeX warning: /usr/bin/pdflatex (file ./Network-lib/data/plot/minCycleCover_l
owerbound-eps-converted-to.pdf): PDF inclusion: found PDF version <1.7>, but at
 most version <1.5> allowed
<./Network-lib/data/plot/minCycleCover_lowerbound-eps-converted-to.pdf, id=1315
, 422.57875pt x 316.18124pt>
File: ./Network-lib/data/plot/minCycleCover_lowerbound-eps-converted-to.pdf Gra
phic file (type pdf)
<use ./Network-lib/data/plot/minCycleCover_lowerbound-eps-converted-to.pdf>
Package pdftex.def Info: ./Network-lib/data/plot/minCycleCover_lowerbound-eps-c
onverted-to.pdf  used on input line 221.
(pdftex.def)             Requested size: 310.4979pt x 232.32529pt.
[112]
Package epstopdf Info: Source file: <./Network-lib/data/plot/minCycleCover_gapc
df.eps>
(epstopdf)                    date: 2019-09-24 14:09:03
(epstopdf)                    size: 24081 bytes
(epstopdf)             Output file: <./Network-lib/data/plot/minCycleCover_gapc
df-eps-converted-to.pdf>
(epstopdf)                    date: 2019-09-24 14:09:03
(epstopdf)                    size: 14562 bytes
(epstopdf)             Command: <repstopdf --outfile=./Network-lib/data/plot/mi
nCycleCover_gap